[21:43:39] [main/INFO]: Loading Minecraft 1.21.3 with Fabric Loader 0.16.9
[21:43:39] [main/INFO]: Loading 4 mods:
	- fabricloader 0.16.9
	   \-- mixinextras 0.4.1
	- java 21
	- minecraft 1.21.3
[21:43:39] [main/INFO]: SpongePowered MIXIN Subsystem Version=0.8.7 Source=file:/workspaces/super-octo-doodle/servidor_minecraft/libraries/net/fabricmc/sponge-mixin/0.15.4+mixin.0.8.7/sponge-mixin-0.15.4+mixin.0.8.7.jar Service=Knot/Fabric Env=SERVER
[21:43:44] [main/INFO]: Environment: Environment[sessionHost=https://sessionserver.mojang.com, servicesHost=https://api.minecraftservices.com, name=PROD]
[21:43:45] [main/INFO]: No existing world data, creating new world
[21:43:46] [main/INFO]: Loaded 1337 recipes
[21:43:46] [main/INFO]: Loaded 1448 advancements
[21:43:46] [Server thread/INFO]: Starting minecraft server version 1.21.3
[21:43:46] [Server thread/INFO]: Loading properties
[21:43:46] [Server thread/INFO]: Default game type: SURVIVAL
[21:43:46] [Server thread/INFO]: Generating keypair
[21:43:46] [Server thread/INFO]: Starting Minecraft server on *:25565
[21:43:46] [Server thread/INFO]: Using epoll channel type
[21:43:46] [Server thread/WARN]: **** SERVER IS RUNNING IN OFFLINE/INSECURE MODE!
[21:43:46] [Server thread/WARN]: The server will make no attempt to authenticate usernames. Beware.
[21:43:46] [Server thread/WARN]: While this makes the game possible to play without internet access, it also opens up the ability for hackers to connect with any username they choose.
[21:43:46] [Server thread/WARN]: To change this, set "online-mode" to "true" in the server.properties file.
[21:43:46] [Server thread/INFO]: Preparing level "world"
[21:43:53] [Server thread/INFO]: Preparing start region for dimension minecraft:overworld
[21:43:53] [Worker-Main-3/INFO]: Preparing spawn area: 2%
[21:43:54] [Worker-Main-1/INFO]: Preparing spawn area: 2%
[21:43:54] [Worker-Main-3/INFO]: Preparing spawn area: 2%
[21:43:55] [Worker-Main-1/INFO]: Preparing spawn area: 2%
[21:43:55] [Worker-Main-2/INFO]: Preparing spawn area: 18%
[21:43:56] [Worker-Main-1/INFO]: Preparing spawn area: 18%
[21:43:56] [Worker-Main-3/INFO]: Preparing spawn area: 18%
[21:43:57] [Worker-Main-1/INFO]: Preparing spawn area: 51%
[21:43:57] [Worker-Main-1/INFO]: Preparing spawn area: 51%
[21:43:58] [Worker-Main-2/INFO]: Preparing spawn area: 51%
[21:43:58] [Worker-Main-1/INFO]: Preparing spawn area: 51%
[21:43:58] [Server thread/INFO]: Time elapsed: 5086 ms
[21:43:58] [Server thread/INFO]: Done (11.809s)! For help, type "help"
[21:44:07] [Server thread/INFO]: Stopping the server
[21:44:07] [Server thread/INFO]: Stopping server
[21:44:07] [Server thread/INFO]: Saving players
[21:44:07] [Server thread/INFO]: Saving worlds
[21:44:07] [Server thread/INFO]: Saving chunks for level 'ServerLevel[world]'/minecraft:overworld
[21:44:09] [Server thread/INFO]: Saving chunks for level 'ServerLevel[world]'/minecraft:the_end
[21:44:09] [Server thread/INFO]: Saving chunks for level 'ServerLevel[world]'/minecraft:the_nether
[21:44:09] [Server thread/INFO]: ThreadedAnvilChunkStorage (world): All chunks are saved
[21:44:09] [Server thread/INFO]: ThreadedAnvilChunkStorage (DIM1): All chunks are saved
[21:44:09] [Server thread/INFO]: ThreadedAnvilChunkStorage (DIM-1): All chunks are saved
[21:44:09] [Server thread/INFO]: ThreadedAnvilChunkStorage: All dimensions are saved
