[22:09:28] [main/INFO] ========================================
[22:09:28] [main/INFO] Minecraft: 1.21.4
[22:09:28] [main/INFO] Side: server
[22:09:28] [main/INFO] Development: false
[22:09:28] [main/INFO] Version: 18.0.798
[22:09:28] [main/INFO] Loader:
[22:09:28] [main/INFO] - Fabric: 0.16.13
[22:09:28] [main/INFO] - Fabric API: 0.119.2+1.21.4
[22:09:28] [main/INFO] Dependencies:
[22:09:28] [main/INFO] - Cloth Config: 17.0.144
[22:09:28] [main/INFO] - Architectury: 15.0.3
[22:09:28] [main/INFO] Mixin: 0.8.7
[22:09:28] [main/INFO] OS: Linux 6.8.0-1021-azure (amd64)
[22:09:28] [main/INFO] Java: 21.0.6 (Ubuntu)
[22:09:28] [main/INFO] ========================================
[22:09:28] [main/INFO] Mods:
[22:09:28] [main/INFO] - amplified_nether: 1.2.7
[22:09:28] [main/INFO] - appleskin: 3.0.6+mc1.21.3
[22:09:28] [main/INFO] - ar_com_hjg_pngj: 2.1.0
[22:09:28] [main/INFO] - architectury: 15.0.3
[22:09:28] [main/INFO] - armor-hud: 8.1.0.0
[22:09:28] [main/INFO] - balm: 21.4.24
[22:09:28] [main/INFO] - betteradvancements: 0.4.6.36
[22:09:28] [main/INFO] - bettervillage: 3.3.0
[22:09:28] [main/INFO] - biolith: 3.2.0
[22:09:28] [main/INFO] - blue_endless_jankson: 1.2.3
[22:09:28] [main/INFO] - bridgingmod: 2.6.2+1.21.3
[22:09:28] [main/INFO] - chunky: 1.4.27
[22:09:28] [main/INFO] - cicada: 0.11.9+1.21.4
[22:09:28] [main/INFO] - cloth-basic-math: 0.6.1
[22:09:28] [main/INFO] - cloth-config: 17.0.144
[22:09:28] [main/INFO] - cloth-config: 17.0.144
[22:09:28] [main/INFO] - clumps: 22.0.0.1
[22:09:28] [main/INFO] - cobweb: 1.3.3
[22:09:28] [main/INFO] - collective: 8.1
[22:09:28] [main/INFO] - com_electronwill_night-config_core: 3.8.1
[22:09:28] [main/INFO] - com_electronwill_night-config_toml: 3.8.1
[22:09:28] [main/INFO] - com_twelvemonkeys_common_common-image: 3.12.0
[22:09:28] [main/INFO] - com_twelvemonkeys_common_common-io: 3.12.0
[22:09:28] [main/INFO] - com_twelvemonkeys_common_common-lang: 3.12.0
[22:09:28] [main/INFO] - com_twelvemonkeys_imageio_imageio-core: 3.12.0
[22:09:28] [main/INFO] - com_twelvemonkeys_imageio_imageio-metadata: 3.12.0
[22:09:28] [main/INFO] - com_twelvemonkeys_imageio_imageio-webp: 3.12.0
[22:09:28] [main/INFO] - common-protection-api: 1.0.0
[22:09:28] [main/INFO] - commonnetworking: 1.0.18-1.21.4
[22:09:28] [main/INFO] - config2brigadier: 2.0.1
[22:09:28] [main/INFO] - crawl: 0.14.5
[22:09:28] [main/INFO] - creativecore: 2.12.35
[22:09:28] [main/INFO] - cristellib: 2.0.2
[22:09:28] [main/INFO] - customizableelytra: 2.2.8
[22:09:28] [main/INFO] - diagonalblocks: 21.4.0
[22:09:28] [main/INFO] - diagonalfences: 21.4.0
[22:09:28] [main/INFO] - do_a_barrel_roll: 3.8.1
[22:09:28] [main/INFO] - durabilitytooltip: 1.1.5
[22:09:28] [main/INFO] - easyanvils: 21.4.1
[22:09:28] [main/INFO] - easyelytratakeoff: 4.5
[22:09:28] [main/INFO] - easymagic: 21.4.1
[22:09:28] [main/INFO] - elytratrims: 4.0.0-alpha.3
[22:09:28] [main/INFO] - error_notifier: 1.0.11
[22:09:28] [main/INFO] - fabric-api: 0.119.2+1.21.4
[22:09:28] [main/INFO] - fabric-api: 0.119.2+1.21.4
[22:09:28] [main/INFO] - fabric-api-base: 0.4.54+b47eab6b04
[22:09:28] [main/INFO] - fabric-api-lookup-api-v1: 1.6.86+b1caf1e904
[22:09:28] [main/INFO] - fabric-biome-api-v1: 15.0.6+b1c29d8e04
[22:09:28] [main/INFO] - fabric-block-api-v1: 1.0.31+7feeb73304
[22:09:28] [main/INFO] - fabric-block-view-api-v2: 1.0.20+9c49cc8c04
[22:09:28] [main/INFO] - fabric-command-api-v1: 1.2.62+f71b366f04
[22:09:28] [main/INFO] - fabric-command-api-v2: 2.2.41+e496eb1504
[22:09:28] [main/INFO] - fabric-commands-v0: 0.2.79+df3654b304
[22:09:28] [main/INFO] - fabric-content-registries-v0: 9.1.19+25d1a67604
[22:09:28] [main/INFO] - fabric-convention-tags-v1: 2.1.20+7f945d5b04
[22:09:28] [main/INFO] - fabric-convention-tags-v2: 2.14.1+1edcd29104
[22:09:28] [main/INFO] - fabric-crash-report-info-v1: 0.3.6+7feeb73304
[22:09:28] [main/INFO] - fabric-data-attachment-api-v1: 1.6.2+e99da0f704
[22:09:28] [main/INFO] - fabric-data-generation-api-v1: 22.3.1+0f4e5f5504
[22:09:28] [main/INFO] - fabric-dimensions-v1: 4.0.10+7feeb73304
[22:09:28] [main/INFO] - fabric-entity-events-v1: 2.0.15+62245bef04
[22:09:28] [main/INFO] - fabric-events-interaction-v0: 4.0.4+a4eebcf004
[22:09:28] [main/INFO] - fabric-game-rule-api-v1: 1.0.63+7d48d43904
[22:09:28] [main/INFO] - fabric-item-api-v1: 11.3.0+ee91fa1f04
[22:09:28] [main/INFO] - fabric-item-group-api-v1: 4.2.2+fcb9601404
[22:09:28] [main/INFO] - fabric-language-kotlin: 1.13.2+kotlin.2.1.20
[22:09:28] [main/INFO] - fabric-lifecycle-events-v1: 2.5.4+bf2a60eb04
[22:09:28] [main/INFO] - fabric-loot-api-v2: 3.0.38+3f89f5a504
[22:09:28] [main/INFO] - fabric-loot-api-v3: 1.0.26+203e6b2304
[22:09:28] [main/INFO] - fabric-message-api-v1: 6.0.25+7feeb73304
[22:09:28] [main/INFO] - fabric-networking-api-v1: 4.4.0+db5e668204
[22:09:28] [main/INFO] - fabric-object-builder-api-v1: 18.0.14+38b0d59804
[22:09:28] [main/INFO] - fabric-particles-v1: 4.0.14+7feeb73304
[22:09:28] [main/INFO] - fabric-permissions-api-v0: 0.3.3
[22:09:28] [main/INFO] - fabric-recipe-api-v1: 8.1.1+640e77ae04
[22:09:28] [main/INFO] - fabric-registry-sync-v0: 6.1.11+4a9c1ece04
[22:09:28] [main/INFO] - fabric-rendering-data-attachment-v1: 0.3.58+73761d2e04
[22:09:28] [main/INFO] - fabric-rendering-fluids-v1: 3.1.19+7feeb73304
[22:09:28] [main/INFO] - fabric-resource-conditions-api-v1: 5.0.13+203e6b2304
[22:09:28] [main/INFO] - fabric-resource-loader-v0: 3.1.1+360374ac04
[22:09:28] [main/INFO] - fabric-screen-handler-api-v1: 1.3.118+7feeb73304
[22:09:28] [main/INFO] - fabric-tag-api-v1: 1.0.7+7d48d43904
[22:09:28] [main/INFO] - fabric-transfer-api-v1: 5.4.9+efa825c904
[22:09:28] [main/INFO] - fabric-transitive-access-wideners-v1: 6.3.2+56e78b9b04
[22:09:28] [main/INFO] - fabricloader: 0.16.13
[22:09:28] [main/INFO] - fabrictailor: 2.6.3
[22:09:28] [main/INFO] - fallingtree: 1.21.4.1
[22:09:28] [main/INFO] - ferritecore: 7.1.1
[22:09:28] [main/INFO] - forgeconfigapiport: 21.4.1
[22:09:28] [main/INFO] - formations: 1.0.3
[22:09:28] [main/INFO] - formationsoverworld: 1.0.4
[22:09:28] [main/INFO] - glitchcore: 2.3.0.4
[22:09:28] [main/INFO] - incendium: 5.4.3
[22:09:28] [main/INFO] - jade: 17.2.2+fabric
[22:09:28] [main/INFO] - jamlib: 1.3.2+1.21.4
[22:09:28] [main/INFO] - java: 21
[22:09:28] [main/INFO] - journeymap: 1.21.4-6.0.0-beta.43
[22:09:28] [main/INFO] - journeymap-api-fabric: 2.0.0-1.21.4-SNAPSHOT
[22:09:28] [main/INFO] - justzoom: 2.1.0
[22:09:28] [main/INFO] - konkrete: 1.9.9
[22:09:28] [main/INFO] - kuma_api: 21.4.6
[22:09:28] [main/INFO] - libraryferret: 4.0.0
[22:09:28] [main/INFO] - lithostitched: 1.4.4
[22:09:28] [main/INFO] - mcwdoors: 1.1.2
[22:09:28] [main/INFO] - mcwpaintings: 1.0.5
[22:09:28] [main/INFO] - mcwpaths: 1.1.0
[22:09:28] [main/INFO] - mcwtrpdoors: 1.1.4
[22:09:28] [main/INFO] - midnightlib: 1.7.0
[22:09:28] [main/INFO] - mine-spawners: 1.5.1
[22:09:28] [main/INFO] - minecraft: 1.21.4
[22:09:28] [main/INFO] - mixinextras: 0.4.1
[22:09:28] [main/INFO] - mixinsquared: 0.1.2-beta.4
[22:09:28] [main/INFO] - modernfix: 5.20.3+mc1.21.4
[22:09:28] [main/INFO] - mr_tidal_towns: 1.3.4
[22:09:28] [main/INFO] - mr_vanilla_backpacks: 1.3.1.1
[22:09:28] [main/INFO] - net_jodah_typetools: 0.6.3
[22:09:28] [main/INFO] - net_neoforged_bus: 7.2.0
[22:09:28] [main/INFO] - notenoughanimations: 1.9.3
[22:09:28] [main/INFO] - org_jetbrains_kotlin_kotlin-reflect: 2.1.20
[22:09:28] [main/INFO] - org_jetbrains_kotlin_kotlin-stdlib: 2.1.20
[22:09:28] [main/INFO] - org_jetbrains_kotlin_kotlin-stdlib-jdk7: 2.1.20
[22:09:28] [main/INFO] - org_jetbrains_kotlin_kotlin-stdlib-jdk8: 2.1.20
[22:09:28] [main/INFO] - org_jetbrains_kotlinx_atomicfu-jvm: 0.27.0
[22:09:28] [main/INFO] - org_jetbrains_kotlinx_kotlinx-coroutines-core-jvm: 1.10.1
[22:09:28] [main/INFO] - org_jetbrains_kotlinx_kotlinx-coroutines-jdk8: 1.10.1
[22:09:28] [main/INFO] - org_jetbrains_kotlinx_kotlinx-datetime-jvm: 0.6.2
[22:09:28] [main/INFO] - org_jetbrains_kotlinx_kotlinx-io-bytestring-jvm: 0.7.0
[22:09:28] [main/INFO] - org_jetbrains_kotlinx_kotlinx-io-core-jvm: 0.7.0
[22:09:28] [main/INFO] - org_jetbrains_kotlinx_kotlinx-serialization-cbor-jvm: 1.8.0
[22:09:28] [main/INFO] - org_jetbrains_kotlinx_kotlinx-serialization-core-jvm: 1.8.0
[22:09:28] [main/INFO] - org_jetbrains_kotlinx_kotlinx-serialization-json-jvm: 1.8.0
[22:09:28] [main/INFO] - org_quiltmc_parsers_gson: 0.2.1
[22:09:28] [main/INFO] - org_quiltmc_parsers_json: 0.2.1
[22:09:28] [main/INFO] - packedup: 1.1.0+a
[22:09:28] [main/INFO] - packet_tweaker: 0.6.0-pre.1+1.21.2-pre3
[22:09:28] [main/INFO] - placeholder-api: 2.5.1+1.21.3
[22:09:28] [main/INFO] - polymer-common: 0.11.0+1.21.4-rc1
[22:09:28] [main/INFO] - polymer-core: 0.11.0+1.21.4-rc1
[22:09:28] [main/INFO] - polymer-networking: 0.11.0+1.21.4-rc1
[22:09:28] [main/INFO] - polymer-registry-sync-manipulator: 0.11.0+1.21.4-rc1
[22:09:28] [main/INFO] - polymer-resource-pack: 0.11.0+1.21.4-rc1
[22:09:28] [main/INFO] - polymer-virtual-entity: 0.11.0+1.21.4-rc1
[22:09:28] [main/INFO] - predicate-api: 0.6.0+1.21.2
[22:09:28] [main/INFO] - puzzleslib: 21.4.13
[22:09:28] [main/INFO] - pyrotechnic_elytra: 1.0.1
[22:09:28] [main/INFO] - repurposed_structures: 7.5.15+1.21.4-fabric
[22:09:28] [main/INFO] - rightclickharvest: 4.5.3+1.21.4-patch.1
[22:09:28] [main/INFO] - roughlyenoughitems: 18.0.798
[22:09:28] [main/INFO] - sereneseasons: 10.4.0.6
[22:09:28] [main/INFO] - server_translations_api: 2.4.0+1.21.2-rc1
[22:09:28] [main/INFO] - sgui: 1.8.0+1.21.4
[22:09:28] [main/INFO] - skinlayers3d: 1.7.5
[22:09:28] [main/INFO] - supermartijn642configlib: 1.1.8
[22:09:28] [main/INFO] - supermartijn642corelib: 1.1.18+a
[22:09:28] [main/INFO] - t_and_t: 1.13.5
[22:09:28] [main/INFO] - tectonic: 2.4.3
[22:09:28] [main/INFO] - terraform-biome-remapper-api-v1: 13.0.0-beta.1
[22:09:28] [main/INFO] - terraform-config-api-v1: 13.0.0-beta.1
[22:09:28] [main/INFO] - terraform-dirt-api-v1: 13.0.0-beta.1
[22:09:28] [main/INFO] - terraform-shapes-api-v1: 13.0.0-beta.1
[22:09:28] [main/INFO] - terraform-surfaces-api-v1: 13.0.0-beta.1
[22:09:28] [main/INFO] - terraform-tree-api-v1: 13.0.0-beta.1
[22:09:28] [main/INFO] - terraform-wood-api-v1: 13.0.0-beta.1
[22:09:28] [main/INFO] - terralith: 2.5.8
[22:09:28] [main/INFO] - terrestria: 7.2.1
[22:09:28] [main/INFO] - terrestria-common: 7.2.1
[22:09:28] [main/INFO] - terrestria-worldgen: 7.2.1
[22:09:28] [main/INFO] - universal-graves: 3.6.0+1.21.4
[22:09:28] [main/INFO] - waystones: 21.4.10
[22:09:28] [main/INFO] - weaponmaster_ydm: 4.2.7
[22:09:28] [main/INFO] - yet_another_config_lib_v3: 3.6.6+1.21.4-fabric
[22:09:28] [main/INFO] ========================================
[22:09:28] [main/INFO] [REI] Registered plugin provider DefaultPlugin [roughlyenoughitems] for REICommonPlugin
[22:09:28] [main/INFO] [REI] Registered plugin provider DefaultRuntimePlugin [roughlyenoughitems] for REICommonPlugin
[22:09:28] [main/INFO] [REI] Registered plugin provider FabricFluidAPISupportPlugin for REICommonPlugin
[22:09:30] [main/DEBUG] [REI] Processed 432 tags in 4.851 ms for minecraft:block
[22:09:30] [main/DEBUG] [REI] Processed 3 tags in 17.43 μs for minecraft:point_of_interest_type
[22:09:30] [main/DEBUG] [REI] Processed 5 tags in 16.84 μs for minecraft:fluid
[22:09:30] [main/DEBUG] [REI] Processed 2 tags in 13.32 μs for minecraft:cat_variant
[22:09:30] [main/DEBUG] [REI] Processed 50 tags in 184.5 μs for minecraft:entity_type
[22:09:30] [main/DEBUG] [REI] Processed 505 tags in 1.304 ms for minecraft:item
[22:09:30] [main/DEBUG] [REI] Processed 5 tags in 38.70 μs for minecraft:game_event
[22:09:39] [Server thread/DEBUG] [REI] Starting Reload Plugins of stage null
java.lang.Throwable
	at knot//me.shedaniel.rei.impl.common.plugins.ReloadManagerImpl.reloadPlugins(ReloadManagerImpl.java:110)
	at knot//me.shedaniel.rei.RoughlyEnoughItemsCore.lambda$onInitialize$4(RoughlyEnoughItemsCore.java:153)
	at knot//dev.architectury.event.fabric.EventHandlerImpl.lambda$registerCommon$10(EventHandlerImpl.java:67)
	at knot//net.fabricmc.fabric.api.event.lifecycle.v1.ServerLifecycleEvents.lambda$static$2(ServerLifecycleEvents.java:49)
	at knot//net.minecraft.server.MinecraftServer.handler$zmh000$fabric-lifecycle-events-v1$afterSetupServer(MinecraftServer.java:4704)
	at knot//net.minecraft.server.MinecraftServer.method_29741(MinecraftServer.java:682)
	at knot//net.minecraft.server.MinecraftServer.method_29739(MinecraftServer.java:292)
	at java.base/java.lang.Thread.run(Thread.java:1583)
[22:09:39] [Server thread/DEBUG] [REI] ========================================
[22:09:39] [Server thread/DEBUG] [REI] REICommonPlugin starting pre-reload for START.
[22:09:39] [Server thread/DEBUG] [REI] Reloadables (8):
[22:09:39] [Server thread/DEBUG] [REI]  - SlotAccessorRegistryImpl
[22:09:39] [Server thread/DEBUG] [REI]  - EntryTypeRegistryImpl
[22:09:39] [Server thread/DEBUG] [REI]  - EntrySettingsAdapterRegistryImpl
[22:09:39] [Server thread/DEBUG] [REI]  - ItemComparatorRegistryImpl
[22:09:39] [Server thread/DEBUG] [REI]  - FluidComparatorRegistryImpl
[22:09:39] [Server thread/DEBUG] [REI]  - DisplaySerializerRegistryImpl
[22:09:39] [Server thread/DEBUG] [REI]  - ServerDisplayRegistryImpl
[22:09:39] [Server thread/DEBUG] [REI]  - FluidSupportProviderImpl
[22:09:39] [Server thread/DEBUG] [REI] Plugins (3):
[22:09:39] [Server thread/DEBUG] [REI]  - (-100.00) DefaultPlugin of DefaultPlugin [roughlyenoughitems]
[22:09:39] [Server thread/DEBUG] [REI]  - (0.00) FabricFluidAPISupportPlugin
[22:09:39] [Server thread/DEBUG] [REI]  - (0.00) DefaultRuntimePlugin of DefaultRuntimePlugin [roughlyenoughitems]
[22:09:39] [Server thread/DEBUG] [REI] ========================================
[22:09:39] [Server thread/TRACE] [REI] [REICommonPlugin START] Reloading Section: "pre-register/"
[22:09:39] [Server thread/TRACE] [REI] [REICommonPlugin START] Reloading Section: "pre-register/DefaultPlugin of DefaultPlugin [roughlyenoughitems]/"
[22:09:39] [Server thread/TRACE] [REI] [REICommonPlugin START] Reloading Section: "pre-register/DefaultPlugin of DefaultPlugin [roughlyenoughitems]/" done in 722.4 μs
[22:09:39] [Server thread/TRACE] [REI] [REICommonPlugin START] Reloading Section: "pre-register/FabricFluidAPISupportPlugin/"
[22:09:39] [Server thread/TRACE] [REI] [REICommonPlugin START] Reloading Section: "pre-register/FabricFluidAPISupportPlugin/" done in 53.91 μs
[22:09:39] [Server thread/TRACE] [REI] [REICommonPlugin START] Reloading Section: "pre-register/DefaultRuntimePlugin of DefaultRuntimePlugin [roughlyenoughitems]/"
[22:09:39] [Server thread/TRACE] [REI] [REICommonPlugin START] Reloading Section: "pre-register/DefaultRuntimePlugin of DefaultRuntimePlugin [roughlyenoughitems]/" done in 44.70 μs
[22:09:39] [Server thread/TRACE] [REI] [REICommonPlugin START] Reloading Section: "pre-register/" done in 6.477 ms
[22:09:39] [Server thread/TRACE] [REI] [REICommonPlugin START] Reloading Section: "pre-stage/"
[22:09:39] [Server thread/TRACE] [REI] [REICommonPlugin START] Reloading Section: "pre-stage/SlotAccessorRegistryImpl/"
[22:09:39] [Server thread/TRACE] [REI] [REICommonPlugin START] Reloading Section: "pre-stage/SlotAccessorRegistryImpl/" done in 192.5 μs
[22:09:39] [Server thread/TRACE] [REI] [REICommonPlugin START] Reloading Section: "pre-stage/EntryTypeRegistryImpl/"
[22:09:39] [Server thread/TRACE] [REI] [REICommonPlugin START] Reloading Section: "pre-stage/EntryTypeRegistryImpl/" done in 46.28 μs
[22:09:39] [Server thread/TRACE] [REI] [REICommonPlugin START] Reloading Section: "pre-stage/EntrySettingsAdapterRegistryImpl/"
[22:09:39] [Server thread/TRACE] [REI] [REICommonPlugin START] Reloading Section: "pre-stage/EntrySettingsAdapterRegistryImpl/" done in 75.02 μs
[22:09:39] [Server thread/TRACE] [REI] [REICommonPlugin START] Reloading Section: "pre-stage/ItemComparatorRegistryImpl/"
[22:09:39] [Server thread/TRACE] [REI] [REICommonPlugin START] Reloading Section: "pre-stage/ItemComparatorRegistryImpl/" done in 35.52 μs
[22:09:39] [Server thread/TRACE] [REI] [REICommonPlugin START] Reloading Section: "pre-stage/FluidComparatorRegistryImpl/"
[22:09:39] [Server thread/TRACE] [REI] [REICommonPlugin START] Reloading Section: "pre-stage/FluidComparatorRegistryImpl/" done in 38.13 μs
[22:09:39] [Server thread/TRACE] [REI] [REICommonPlugin START] Reloading Section: "pre-stage/DisplaySerializerRegistryImpl/"
[22:09:39] [Server thread/TRACE] [REI] [REICommonPlugin START] Reloading Section: "pre-stage/DisplaySerializerRegistryImpl/" done in 38.79 μs
[22:09:39] [Server thread/TRACE] [REI] [REICommonPlugin START] Reloading Section: "pre-stage/ServerDisplayRegistryImpl/"
[22:09:39] [Server thread/TRACE] [REI] [REICommonPlugin START] Reloading Section: "pre-stage/ServerDisplayRegistryImpl/" done in 46.01 μs
[22:09:39] [Server thread/TRACE] [REI] [REICommonPlugin START] Reloading Section: "pre-stage/FluidSupportProviderImpl/"
[22:09:39] [Server thread/TRACE] [REI] [REICommonPlugin START] Reloading Section: "pre-stage/FluidSupportProviderImpl/" done in 40.28 μs
[22:09:39] [Server thread/TRACE] [REI] [REICommonPlugin START] Reloading Section: "pre-stage/" done in 1.337 ms
[22:09:39] [Server thread/DEBUG] [REI] ========================================
[22:09:39] [Server thread/DEBUG] [REI] REICommonPlugin finished pre-reload for START in 8.244 ms.
[22:09:39] [Server thread/DEBUG] [REI] ========================================
[22:09:39] [Server thread/INFO] [REI] %%%%%%%%%%%%%%%%%%%%%%%%%%%%%%%%%%%%%%%%
[22:09:39] [Server thread/INFO] [REI] REICommonPlugin starting main-reload for START.
[22:09:39] [Server thread/DEBUG] [REI] Reloadables (8):
[22:09:39] [Server thread/DEBUG] [REI]  - SlotAccessorRegistryImpl
[22:09:39] [Server thread/DEBUG] [REI]  - EntryTypeRegistryImpl
[22:09:39] [Server thread/DEBUG] [REI]  - EntrySettingsAdapterRegistryImpl
[22:09:39] [Server thread/DEBUG] [REI]  - ItemComparatorRegistryImpl
[22:09:39] [Server thread/DEBUG] [REI]  - FluidComparatorRegistryImpl
[22:09:39] [Server thread/DEBUG] [REI]  - DisplaySerializerRegistryImpl
[22:09:39] [Server thread/DEBUG] [REI]  - ServerDisplayRegistryImpl
[22:09:39] [Server thread/DEBUG] [REI]  - FluidSupportProviderImpl
[22:09:39] [Server thread/INFO] [REI] Plugins (3):
[22:09:39] [Server thread/INFO] [REI]  - (-100.00) DefaultPlugin of DefaultPlugin [roughlyenoughitems]
[22:09:39] [Server thread/INFO] [REI]  - (0.00) FabricFluidAPISupportPlugin
[22:09:39] [Server thread/INFO] [REI]  - (0.00) DefaultRuntimePlugin of DefaultRuntimePlugin [roughlyenoughitems]
[22:09:39] [Server thread/INFO] [REI] %%%%%%%%%%%%%%%%%%%%%%%%%%%%%%%%%%%%%%%%
[22:09:39] [Server thread/TRACE] [REI] [REICommonPlugin START] Reloading Section: "start-reload/"
[22:09:39] [Server thread/TRACE] [REI] [REICommonPlugin START] Reloading Section: "start-reload/SlotAccessorRegistryImpl/"
[22:09:39] [Server thread/TRACE] [REI] [REICommonPlugin START] Reloading Section: "start-reload/SlotAccessorRegistryImpl/" done in 60.50 μs
[22:09:39] [Server thread/TRACE] [REI] [REICommonPlugin START] Reloading Section: "start-reload/EntryTypeRegistryImpl/"
[22:09:39] [Server thread/TRACE] [REI] [REICommonPlugin START] Reloading Section: "start-reload/EntryTypeRegistryImpl/" done in 64.71 μs
[22:09:39] [Server thread/TRACE] [REI] [REICommonPlugin START] Reloading Section: "start-reload/EntrySettingsAdapterRegistryImpl/"
[22:09:39] [Server thread/TRACE] [REI] [REICommonPlugin START] Reloading Section: "start-reload/EntrySettingsAdapterRegistryImpl/" done in 39.25 μs
[22:09:39] [Server thread/TRACE] [REI] [REICommonPlugin START] Reloading Section: "start-reload/ItemComparatorRegistryImpl/"
[22:09:39] [Server thread/TRACE] [REI] [REICommonPlugin START] Reloading Section: "start-reload/ItemComparatorRegistryImpl/" done in 52.46 μs
[22:09:39] [Server thread/TRACE] [REI] [REICommonPlugin START] Reloading Section: "start-reload/FluidComparatorRegistryImpl/"
[22:09:39] [Server thread/TRACE] [REI] [REICommonPlugin START] Reloading Section: "start-reload/FluidComparatorRegistryImpl/" done in 37.82 μs
[22:09:39] [Server thread/TRACE] [REI] [REICommonPlugin START] Reloading Section: "start-reload/DisplaySerializerRegistryImpl/"
[22:09:39] [Server thread/TRACE] [REI] [REICommonPlugin START] Reloading Section: "start-reload/DisplaySerializerRegistryImpl/" done in 34.42 μs
[22:09:39] [Server thread/TRACE] [REI] [REICommonPlugin START] Reloading Section: "start-reload/ServerDisplayRegistryImpl/"
[22:09:39] [Server thread/TRACE] [REI] [REICommonPlugin START] Reloading Section: "start-reload/ServerDisplayRegistryImpl/" done in 39.25 μs
[22:09:39] [Server thread/TRACE] [REI] [REICommonPlugin START] Reloading Section: "start-reload/FluidSupportProviderImpl/"
[22:09:39] [Server thread/TRACE] [REI] [REICommonPlugin START] Reloading Section: "start-reload/FluidSupportProviderImpl/" done in 48.53 μs
[22:09:39] [Server thread/TRACE] [REI] [REICommonPlugin START] Reloading Section: "start-reload/" done in 1.115 ms
[22:09:39] [Server thread/DEBUG] [REI] ========================================
[22:09:39] [Server thread/DEBUG] [REI] REICommonPlugin started main-reload for START.
[22:09:39] [Server thread/DEBUG] [REI] ========================================
[22:09:39] [Server thread/TRACE] [REI] [REICommonPlugin START] Reloading Section: "reloadable-plugin/SlotAccessorRegistryImpl/"
[22:09:39] [Server thread/TRACE] [REI] [REICommonPlugin START] Reloading Section: "reloadable-plugin/SlotAccessorRegistryImpl/DefaultPlugin of DefaultPlugin [roughlyenoughitems]/"
[22:09:39] [Server thread/TRACE] [REI] [REICommonPlugin START] Reloading Section: "reloadable-plugin/SlotAccessorRegistryImpl/DefaultPlugin of DefaultPlugin [roughlyenoughitems]/" done in 195.7 μs
[22:09:39] [Server thread/TRACE] [REI] [REICommonPlugin START] Reloading Section: "reloadable-plugin/SlotAccessorRegistryImpl/FabricFluidAPISupportPlugin/"
[22:09:39] [Server thread/TRACE] [REI] [REICommonPlugin START] Reloading Section: "reloadable-plugin/SlotAccessorRegistryImpl/FabricFluidAPISupportPlugin/" done in 39.55 μs
[22:09:39] [Server thread/TRACE] [REI] [REICommonPlugin START] Reloading Section: "reloadable-plugin/SlotAccessorRegistryImpl/DefaultRuntimePlugin of DefaultRuntimePlugin [roughlyenoughitems]/"
[22:09:39] [Server thread/TRACE] [REI] [REICommonPlugin START] Reloading Section: "reloadable-plugin/SlotAccessorRegistryImpl/DefaultRuntimePlugin of DefaultRuntimePlugin [roughlyenoughitems]/" done in 73.95 μs
[22:09:39] [Server thread/TRACE] [REI] [REICommonPlugin START] Reloading Section: "reloadable-plugin/SlotAccessorRegistryImpl/" done in 1.015 ms
[22:09:39] [Server thread/TRACE] [REI] [REICommonPlugin START] Reloading Section: "reloadable-plugin/EntryTypeRegistryImpl/"
[22:09:39] [Server thread/TRACE] [REI] [REICommonPlugin START] Reloading Section: "reloadable-plugin/EntryTypeRegistryImpl/DefaultPlugin of DefaultPlugin [roughlyenoughitems]/"
[22:09:39] [Server thread/TRACE] [REI] [REICommonPlugin START] Reloading Section: "reloadable-plugin/EntryTypeRegistryImpl/DefaultPlugin of DefaultPlugin [roughlyenoughitems]/" done in 50.50 μs
[22:09:39] [Server thread/TRACE] [REI] [REICommonPlugin START] Reloading Section: "reloadable-plugin/EntryTypeRegistryImpl/FabricFluidAPISupportPlugin/"
[22:09:39] [Server thread/TRACE] [REI] [REICommonPlugin START] Reloading Section: "reloadable-plugin/EntryTypeRegistryImpl/FabricFluidAPISupportPlugin/" done in 42.97 μs
[22:09:39] [Server thread/TRACE] [REI] [REICommonPlugin START] Reloading Section: "reloadable-plugin/EntryTypeRegistryImpl/DefaultRuntimePlugin of DefaultRuntimePlugin [roughlyenoughitems]/"
[22:09:39] [Server thread/TRACE] [REI] [REICommonPlugin START] Reloading Section: "reloadable-plugin/EntryTypeRegistryImpl/DefaultRuntimePlugin of DefaultRuntimePlugin [roughlyenoughitems]/" done in 3.639 ms
[22:09:39] [Server thread/TRACE] [REI] [REICommonPlugin START] Reloading Section: "reloadable-plugin/EntryTypeRegistryImpl/" done in 4.065 ms
[22:09:39] [Server thread/TRACE] [REI] [REICommonPlugin START] Reloading Section: "reloadable-plugin/EntrySettingsAdapterRegistryImpl/"
[22:09:39] [Server thread/TRACE] [REI] [REICommonPlugin START] Reloading Section: "reloadable-plugin/EntrySettingsAdapterRegistryImpl/DefaultPlugin of DefaultPlugin [roughlyenoughitems]/"
[22:09:39] [Server thread/TRACE] [REI] [REICommonPlugin START] Reloading Section: "reloadable-plugin/EntrySettingsAdapterRegistryImpl/DefaultPlugin of DefaultPlugin [roughlyenoughitems]/" done in 46.86 μs
[22:09:39] [Server thread/TRACE] [REI] [REICommonPlugin START] Reloading Section: "reloadable-plugin/EntrySettingsAdapterRegistryImpl/FabricFluidAPISupportPlugin/"
[22:09:39] [Server thread/TRACE] [REI] [REICommonPlugin START] Reloading Section: "reloadable-plugin/EntrySettingsAdapterRegistryImpl/FabricFluidAPISupportPlugin/" done in 59.79 μs
[22:09:39] [Server thread/TRACE] [REI] [REICommonPlugin START] Reloading Section: "reloadable-plugin/EntrySettingsAdapterRegistryImpl/DefaultRuntimePlugin of DefaultRuntimePlugin [roughlyenoughitems]/"
[22:09:39] [Server thread/TRACE] [REI] [REICommonPlugin START] Reloading Section: "reloadable-plugin/EntrySettingsAdapterRegistryImpl/DefaultRuntimePlugin of DefaultRuntimePlugin [roughlyenoughitems]/" done in 54.63 μs
[22:09:39] [Server thread/TRACE] [REI] [REICommonPlugin START] Reloading Section: "reloadable-plugin/EntrySettingsAdapterRegistryImpl/" done in 536.8 μs
[22:09:39] [Server thread/TRACE] [REI] [REICommonPlugin START] Reloading Section: "reloadable-plugin/ItemComparatorRegistryImpl/"
[22:09:39] [Server thread/TRACE] [REI] [REICommonPlugin START] Reloading Section: "reloadable-plugin/ItemComparatorRegistryImpl/DefaultPlugin of DefaultPlugin [roughlyenoughitems]/"
[22:09:39] [Server thread/TRACE] [REI] [REICommonPlugin START] Reloading Section: "reloadable-plugin/ItemComparatorRegistryImpl/DefaultPlugin of DefaultPlugin [roughlyenoughitems]/" done in 514.0 μs
[22:09:39] [Server thread/TRACE] [REI] [REICommonPlugin START] Reloading Section: "reloadable-plugin/ItemComparatorRegistryImpl/FabricFluidAPISupportPlugin/"
[22:09:39] [Server thread/TRACE] [REI] [REICommonPlugin START] Reloading Section: "reloadable-plugin/ItemComparatorRegistryImpl/FabricFluidAPISupportPlugin/" done in 46.94 μs
[22:09:39] [Server thread/TRACE] [REI] [REICommonPlugin START] Reloading Section: "reloadable-plugin/ItemComparatorRegistryImpl/DefaultRuntimePlugin of DefaultRuntimePlugin [roughlyenoughitems]/"
[22:09:39] [Server thread/TRACE] [REI] [REICommonPlugin START] Reloading Section: "reloadable-plugin/ItemComparatorRegistryImpl/DefaultRuntimePlugin of DefaultRuntimePlugin [roughlyenoughitems]/" done in 44.52 μs
[22:09:39] [Server thread/TRACE] [REI] [REICommonPlugin START] Reloading Section: "reloadable-plugin/ItemComparatorRegistryImpl/" done in 956.9 μs
[22:09:39] [Server thread/TRACE] [REI] [REICommonPlugin START] Reloading Section: "reloadable-plugin/FluidComparatorRegistryImpl/"
[22:09:39] [Server thread/TRACE] [REI] [REICommonPlugin START] Reloading Section: "reloadable-plugin/FluidComparatorRegistryImpl/DefaultPlugin of DefaultPlugin [roughlyenoughitems]/"
[22:09:39] [Server thread/TRACE] [REI] [REICommonPlugin START] Reloading Section: "reloadable-plugin/FluidComparatorRegistryImpl/DefaultPlugin of DefaultPlugin [roughlyenoughitems]/" done in 59.78 μs
[22:09:39] [Server thread/TRACE] [REI] [REICommonPlugin START] Reloading Section: "reloadable-plugin/FluidComparatorRegistryImpl/FabricFluidAPISupportPlugin/"
[22:09:39] [Server thread/TRACE] [REI] [REICommonPlugin START] Reloading Section: "reloadable-plugin/FluidComparatorRegistryImpl/FabricFluidAPISupportPlugin/" done in 51.25 μs
[22:09:39] [Server thread/TRACE] [REI] [REICommonPlugin START] Reloading Section: "reloadable-plugin/FluidComparatorRegistryImpl/DefaultRuntimePlugin of DefaultRuntimePlugin [roughlyenoughitems]/"
[22:09:39] [Server thread/TRACE] [REI] [REICommonPlugin START] Reloading Section: "reloadable-plugin/FluidComparatorRegistryImpl/DefaultRuntimePlugin of DefaultRuntimePlugin [roughlyenoughitems]/" done in 48.62 μs
[22:09:39] [Server thread/TRACE] [REI] [REICommonPlugin START] Reloading Section: "reloadable-plugin/FluidComparatorRegistryImpl/" done in 498.7 μs
[22:09:39] [Server thread/TRACE] [REI] [REICommonPlugin START] Reloading Section: "reloadable-plugin/DisplaySerializerRegistryImpl/"
[22:09:39] [Server thread/TRACE] [REI] [REICommonPlugin START] Reloading Section: "reloadable-plugin/DisplaySerializerRegistryImpl/DefaultPlugin of DefaultPlugin [roughlyenoughitems]/"
[22:09:39] [Server thread/DEBUG] [REI] Added display serializer [minecraft:client/crafting/shaped] me.shedaniel.rei.api.common.display.DisplaySerializer$1@6b2217cf
[22:09:39] [Server thread/DEBUG] [REI] Added display serializer [minecraft:client/crafting/shapeless] me.shedaniel.rei.api.common.display.DisplaySerializer$1@31077f0d
[22:09:39] [Server thread/DEBUG] [REI] Added display serializer [minecraft:client/smelting] me.shedaniel.rei.api.common.display.DisplaySerializer$1@4bfb268
[22:09:39] [Server thread/DEBUG] [REI] Added display serializer [minecraft:client/smoking] me.shedaniel.rei.api.common.display.DisplaySerializer$1@6a47355f
[22:09:39] [Server thread/DEBUG] [REI] Added display serializer [minecraft:client/blasting] me.shedaniel.rei.api.common.display.DisplaySerializer$1@3d62472f
[22:09:39] [Server thread/DEBUG] [REI] Added display serializer [minecraft:default/crafting/shaped] me.shedaniel.rei.api.common.display.DisplaySerializer$1@33508417
[22:09:39] [Server thread/DEBUG] [REI] Added display serializer [minecraft:default/crafting/shapeless] me.shedaniel.rei.api.common.display.DisplaySerializer$1@128a0190
[22:09:39] [Server thread/DEBUG] [REI] Added display serializer [minecraft:default/crafting/custom] me.shedaniel.rei.api.common.display.DisplaySerializer$1@4b44db60
[22:09:39] [Server thread/DEBUG] [REI] Added display serializer [minecraft:default/crafting/custom_shaped] me.shedaniel.rei.api.common.display.DisplaySerializer$1@5e105ab2
[22:09:39] [Server thread/DEBUG] [REI] Added display serializer [minecraft:default/crafting/custom_shapeless] me.shedaniel.rei.api.common.display.DisplaySerializer$1@9a6da26
[22:09:39] [Server thread/DEBUG] [REI] Added display serializer [minecraft:extension/crafting/map_extending] me.shedaniel.rei.api.common.display.DisplaySerializer$1@3272e29
[22:09:39] [Server thread/DEBUG] [REI] Added display serializer [minecraft:default/smelting] me.shedaniel.rei.api.common.display.DisplaySerializer$1@4bee8ca4
[22:09:39] [Server thread/DEBUG] [REI] Added display serializer [minecraft:default/smoking] me.shedaniel.rei.api.common.display.DisplaySerializer$1@48bca3ec
[22:09:39] [Server thread/DEBUG] [REI] Added display serializer [minecraft:default/blasting] me.shedaniel.rei.api.common.display.DisplaySerializer$1@59fbe59d
[22:09:39] [Server thread/DEBUG] [REI] Added display serializer [minecraft:default/campfire] me.shedaniel.rei.api.common.display.DisplaySerializer$1@4915f5b6
[22:09:39] [Server thread/DEBUG] [REI] Added display serializer [minecraft:default/stone_cutting] me.shedaniel.rei.api.common.display.DisplaySerializer$1@28870aee
[22:09:39] [Server thread/DEBUG] [REI] Added display serializer [minecraft:default/stripping] me.shedaniel.rei.api.common.display.DisplaySerializer$1@5dd0fe57
[22:09:39] [Server thread/DEBUG] [REI] Added display serializer [minecraft:default/brewing] me.shedaniel.rei.api.common.display.DisplaySerializer$1@5660c89b
[22:09:39] [Server thread/DEBUG] [REI] Added display serializer [minecraft:default/composting] me.shedaniel.rei.api.common.display.DisplaySerializer$1@3d13bc1f
[22:09:39] [Server thread/DEBUG] [REI] Added display serializer [minecraft:default/fuel] me.shedaniel.rei.api.common.display.DisplaySerializer$1@556ee914
[22:09:39] [Server thread/DEBUG] [REI] Added display serializer [minecraft:default/smithing] me.shedaniel.rei.api.common.display.DisplaySerializer$1@156d4e80
[22:09:39] [Server thread/DEBUG] [REI] Added display serializer [minecraft:default/anvil] me.shedaniel.rei.api.common.display.DisplaySerializer$1@7e2b2494
[22:09:39] [Server thread/DEBUG] [REI] Added display serializer [minecraft:default/beacon_base] me.shedaniel.rei.api.common.display.DisplaySerializer$1@6ea6d381
[22:09:39] [Server thread/DEBUG] [REI] Added display serializer [minecraft:default/beacon_payment] me.shedaniel.rei.api.common.display.DisplaySerializer$1@1648e5e8
[22:09:39] [Server thread/DEBUG] [REI] Added display serializer [minecraft:default/tilling] me.shedaniel.rei.api.common.display.DisplaySerializer$1@5a12b3f9
[22:09:39] [Server thread/DEBUG] [REI] Added display serializer [minecraft:default/pathing] me.shedaniel.rei.api.common.display.DisplaySerializer$1@347a15b0
[22:09:39] [Server thread/DEBUG] [REI] Added display serializer [minecraft:default/waxing] me.shedaniel.rei.api.common.display.DisplaySerializer$1@3c4c7dda
[22:09:39] [Server thread/DEBUG] [REI] Added display serializer [minecraft:default/waxing_scraping] me.shedaniel.rei.api.common.display.DisplaySerializer$1@7874bd7d
[22:09:39] [Server thread/DEBUG] [REI] Added display serializer [minecraft:default/oxidizing] me.shedaniel.rei.api.common.display.DisplaySerializer$1@2d2398e
[22:09:39] [Server thread/DEBUG] [REI] Added display serializer [minecraft:default/oxidizing_scraping] me.shedaniel.rei.api.common.display.DisplaySerializer$1@65ee015
[22:09:39] [Server thread/DEBUG] [REI] Added display serializer [roughlyenoughitems:default/information] me.shedaniel.rei.api.common.display.DisplaySerializer$1@633734ec
[22:09:39] [Server thread/TRACE] [REI] [REICommonPlugin START] Reloading Section: "reloadable-plugin/DisplaySerializerRegistryImpl/DefaultPlugin of DefaultPlugin [roughlyenoughitems]/" done in 35.14 ms
[22:09:39] [Server thread/TRACE] [REI] [REICommonPlugin START] Reloading Section: "reloadable-plugin/DisplaySerializerRegistryImpl/FabricFluidAPISupportPlugin/"
[22:09:39] [Server thread/TRACE] [REI] [REICommonPlugin START] Reloading Section: "reloadable-plugin/DisplaySerializerRegistryImpl/FabricFluidAPISupportPlugin/" done in 55.80 μs
[22:09:39] [Server thread/TRACE] [REI] [REICommonPlugin START] Reloading Section: "reloadable-plugin/DisplaySerializerRegistryImpl/DefaultRuntimePlugin of DefaultRuntimePlugin [roughlyenoughitems]/"
[22:09:39] [Server thread/TRACE] [REI] [REICommonPlugin START] Reloading Section: "reloadable-plugin/DisplaySerializerRegistryImpl/DefaultRuntimePlugin of DefaultRuntimePlugin [roughlyenoughitems]/" done in 45.67 μs
[22:09:39] [Server thread/TRACE] [REI] [REICommonPlugin START] Reloading Section: "reloadable-plugin/DisplaySerializerRegistryImpl/" done in 35.64 ms
[22:09:39] [Server thread/TRACE] [REI] [REICommonPlugin START] Reloading Section: "reloadable-plugin/ServerDisplayRegistryImpl/"
[22:09:39] [Server thread/TRACE] [REI] [REICommonPlugin START] Reloading Section: "reloadable-plugin/ServerDisplayRegistryImpl/DefaultPlugin of DefaultPlugin [roughlyenoughitems]/"
[22:09:39] [Server thread/TRACE] [REI] [REICommonPlugin START] Reloading Section: "reloadable-plugin/ServerDisplayRegistryImpl/DefaultPlugin of DefaultPlugin [roughlyenoughitems]/" done in 53.31 μs
[22:09:39] [Server thread/TRACE] [REI] [REICommonPlugin START] Reloading Section: "reloadable-plugin/ServerDisplayRegistryImpl/FabricFluidAPISupportPlugin/"
[22:09:39] [Server thread/TRACE] [REI] [REICommonPlugin START] Reloading Section: "reloadable-plugin/ServerDisplayRegistryImpl/FabricFluidAPISupportPlugin/" done in 40.86 μs
[22:09:39] [Server thread/TRACE] [REI] [REICommonPlugin START] Reloading Section: "reloadable-plugin/ServerDisplayRegistryImpl/DefaultRuntimePlugin of DefaultRuntimePlugin [roughlyenoughitems]/"
[22:09:39] [Server thread/TRACE] [REI] [REICommonPlugin START] Reloading Section: "reloadable-plugin/ServerDisplayRegistryImpl/DefaultRuntimePlugin of DefaultRuntimePlugin [roughlyenoughitems]/" done in 43.76 μs
[22:09:39] [Server thread/TRACE] [REI] [REICommonPlugin START] Reloading Section: "reloadable-plugin/ServerDisplayRegistryImpl/" done in 460.0 μs
[22:09:39] [Server thread/TRACE] [REI] [REICommonPlugin START] Reloading Section: "reloadable-plugin/FluidSupportProviderImpl/"
[22:09:39] [Server thread/TRACE] [REI] [REICommonPlugin START] Reloading Section: "reloadable-plugin/FluidSupportProviderImpl/DefaultPlugin of DefaultPlugin [roughlyenoughitems]/"
[22:09:39] [Server thread/TRACE] [REI] [REICommonPlugin START] Reloading Section: "reloadable-plugin/FluidSupportProviderImpl/DefaultPlugin of DefaultPlugin [roughlyenoughitems]/" done in 293.5 μs
[22:09:39] [Server thread/TRACE] [REI] [REICommonPlugin START] Reloading Section: "reloadable-plugin/FluidSupportProviderImpl/FabricFluidAPISupportPlugin/"
[22:09:39] [Server thread/TRACE] [REI] [REICommonPlugin START] Reloading Section: "reloadable-plugin/FluidSupportProviderImpl/FabricFluidAPISupportPlugin/" done in 158.4 μs
[22:09:39] [Server thread/TRACE] [REI] [REICommonPlugin START] Reloading Section: "reloadable-plugin/FluidSupportProviderImpl/DefaultRuntimePlugin of DefaultRuntimePlugin [roughlyenoughitems]/"
[22:09:39] [Server thread/TRACE] [REI] [REICommonPlugin START] Reloading Section: "reloadable-plugin/FluidSupportProviderImpl/DefaultRuntimePlugin of DefaultRuntimePlugin [roughlyenoughitems]/" done in 54.11 μs
[22:09:39] [Server thread/TRACE] [REI] [REICommonPlugin START] Reloading Section: "reloadable-plugin/FluidSupportProviderImpl/" done in 835.2 μs
[22:09:39] [Server thread/DEBUG] [REI] ========================================
[22:09:39] [Server thread/DEBUG] [REI] REICommonPlugin ending main-reload for START.
[22:09:39] [Server thread/DEBUG] [REI] ========================================
[22:09:39] [Server thread/TRACE] [REI] [REICommonPlugin START] Reloading Section: "end-reload/"
[22:09:39] [Server thread/TRACE] [REI] [REICommonPlugin START] Reloading Section: "end-reload/SlotAccessorRegistryImpl/"
[22:09:39] [Server thread/TRACE] [REI] [REICommonPlugin START] Reloading Section: "end-reload/SlotAccessorRegistryImpl/" done in 57.58 μs
[22:09:39] [Server thread/TRACE] [REI] [REICommonPlugin START] Reloading Section: "end-reload/EntryTypeRegistryImpl/"
[22:09:39] [Server thread/TRACE] [REI] [REICommonPlugin START] Reloading Section: "end-reload/EntryTypeRegistryImpl/" done in 53.40 μs
[22:09:39] [Server thread/TRACE] [REI] [REICommonPlugin START] Reloading Section: "end-reload/EntrySettingsAdapterRegistryImpl/"
[22:09:39] [Server thread/TRACE] [REI] [REICommonPlugin START] Reloading Section: "end-reload/EntrySettingsAdapterRegistryImpl/" done in 45.27 μs
[22:09:39] [Server thread/TRACE] [REI] [REICommonPlugin START] Reloading Section: "end-reload/ItemComparatorRegistryImpl/"
[22:09:39] [Server thread/TRACE] [REI] [REICommonPlugin START] Reloading Section: "end-reload/ItemComparatorRegistryImpl/" done in 43.89 μs
[22:09:39] [Server thread/TRACE] [REI] [REICommonPlugin START] Reloading Section: "end-reload/FluidComparatorRegistryImpl/"
[22:09:39] [Server thread/TRACE] [REI] [REICommonPlugin START] Reloading Section: "end-reload/FluidComparatorRegistryImpl/" done in 41.36 μs
[22:09:39] [Server thread/TRACE] [REI] [REICommonPlugin START] Reloading Section: "end-reload/DisplaySerializerRegistryImpl/"
[22:09:39] [Server thread/TRACE] [REI] [REICommonPlugin START] Reloading Section: "end-reload/DisplaySerializerRegistryImpl/" done in 53.11 μs
[22:09:39] [Server thread/TRACE] [REI] [REICommonPlugin START] Reloading Section: "end-reload/ServerDisplayRegistryImpl/"
[22:09:39] [Server thread/TRACE] [REI] [REICommonPlugin START] Reloading Section: "end-reload/ServerDisplayRegistryImpl/" done in 44.06 μs
[22:09:39] [Server thread/TRACE] [REI] [REICommonPlugin START] Reloading Section: "end-reload/FluidSupportProviderImpl/"
[22:09:39] [Server thread/TRACE] [REI] [REICommonPlugin START] Reloading Section: "end-reload/FluidSupportProviderImpl/" done in 37.59 μs
[22:09:39] [Server thread/TRACE] [REI] [REICommonPlugin START] Reloading Section: "end-reload/" done in 1.285 ms
[22:09:39] [Server thread/DEBUG] [REI] ========================================
[22:09:39] [Server thread/DEBUG] [REI] REICommonPlugin ended main-reload for START in 50.00 ms.
[22:09:39] [Server thread/DEBUG] [REI] ========================================
[22:09:39] [Server thread/DEBUG] [REI] ========================================
[22:09:39] [Server thread/DEBUG] [REI] REICommonPlugin starting post-reload for START.
[22:09:39] [Server thread/DEBUG] [REI] Reloadables (8):
[22:09:39] [Server thread/DEBUG] [REI]  - SlotAccessorRegistryImpl
[22:09:39] [Server thread/DEBUG] [REI]  - EntryTypeRegistryImpl
[22:09:39] [Server thread/DEBUG] [REI]  - EntrySettingsAdapterRegistryImpl
[22:09:39] [Server thread/DEBUG] [REI]  - ItemComparatorRegistryImpl
[22:09:39] [Server thread/DEBUG] [REI]  - FluidComparatorRegistryImpl
[22:09:39] [Server thread/DEBUG] [REI]  - DisplaySerializerRegistryImpl
[22:09:39] [Server thread/DEBUG] [REI]  - ServerDisplayRegistryImpl
[22:09:39] [Server thread/DEBUG] [REI]  - FluidSupportProviderImpl
[22:09:39] [Server thread/DEBUG] [REI] Plugins (3):
[22:09:39] [Server thread/DEBUG] [REI]  - (-100.00) DefaultPlugin of DefaultPlugin [roughlyenoughitems]
[22:09:39] [Server thread/DEBUG] [REI]  - (0.00) FabricFluidAPISupportPlugin
[22:09:39] [Server thread/DEBUG] [REI]  - (0.00) DefaultRuntimePlugin of DefaultRuntimePlugin [roughlyenoughitems]
[22:09:39] [Server thread/DEBUG] [REI] ========================================
[22:09:39] [Server thread/TRACE] [REI] [REICommonPlugin START] Reloading Section: "post-register/"
[22:09:39] [Server thread/TRACE] [REI] [REICommonPlugin START] Reloading Section: "post-register/DefaultPlugin of DefaultPlugin [roughlyenoughitems]/"
[22:09:39] [Server thread/TRACE] [REI] [REICommonPlugin START] Reloading Section: "post-register/DefaultPlugin of DefaultPlugin [roughlyenoughitems]/" done in 418.1 μs
[22:09:39] [Server thread/TRACE] [REI] [REICommonPlugin START] Reloading Section: "post-register/FabricFluidAPISupportPlugin/"
[22:09:39] [Server thread/TRACE] [REI] [REICommonPlugin START] Reloading Section: "post-register/FabricFluidAPISupportPlugin/" done in 46.31 μs
[22:09:39] [Server thread/TRACE] [REI] [REICommonPlugin START] Reloading Section: "post-register/DefaultRuntimePlugin of DefaultRuntimePlugin [roughlyenoughitems]/"
[22:09:39] [Server thread/TRACE] [REI] [REICommonPlugin START] Reloading Section: "post-register/DefaultRuntimePlugin of DefaultRuntimePlugin [roughlyenoughitems]/" done in 41.12 μs
[22:09:39] [Server thread/TRACE] [REI] [REICommonPlugin START] Reloading Section: "post-register/" done in 1.081 ms
[22:09:39] [Server thread/TRACE] [REI] [REICommonPlugin START] Reloading Section: "post-stage/"
[22:09:39] [Server thread/TRACE] [REI] [REICommonPlugin START] Reloading Section: "post-stage/SlotAccessorRegistryImpl/"
[22:09:39] [Server thread/TRACE] [REI] [REICommonPlugin START] Reloading Section: "post-stage/SlotAccessorRegistryImpl/" done in 60.68 μs
[22:09:39] [Server thread/TRACE] [REI] [REICommonPlugin START] Reloading Section: "post-stage/EntryTypeRegistryImpl/"
[22:09:39] [Server thread/TRACE] [REI] [REICommonPlugin START] Reloading Section: "post-stage/EntryTypeRegistryImpl/" done in 53.09 μs
[22:09:39] [Server thread/TRACE] [REI] [REICommonPlugin START] Reloading Section: "post-stage/EntrySettingsAdapterRegistryImpl/"
[22:09:39] [Server thread/TRACE] [REI] [REICommonPlugin START] Reloading Section: "post-stage/EntrySettingsAdapterRegistryImpl/" done in 23.77 μs
[22:09:39] [Server thread/TRACE] [REI] [REICommonPlugin START] Reloading Section: "post-stage/ItemComparatorRegistryImpl/"
[22:09:39] [Server thread/TRACE] [REI] [REICommonPlugin START] Reloading Section: "post-stage/ItemComparatorRegistryImpl/" done in 45.90 μs
[22:09:39] [Server thread/TRACE] [REI] [REICommonPlugin START] Reloading Section: "post-stage/FluidComparatorRegistryImpl/"
[22:09:39] [Server thread/TRACE] [REI] [REICommonPlugin START] Reloading Section: "post-stage/FluidComparatorRegistryImpl/" done in 39.70 μs
[22:09:39] [Server thread/TRACE] [REI] [REICommonPlugin START] Reloading Section: "post-stage/DisplaySerializerRegistryImpl/"
[22:09:39] [Server thread/TRACE] [REI] [REICommonPlugin START] Reloading Section: "post-stage/DisplaySerializerRegistryImpl/" done in 26.79 μs
[22:09:39] [Server thread/TRACE] [REI] [REICommonPlugin START] Reloading Section: "post-stage/ServerDisplayRegistryImpl/"
[22:09:39] [Server thread/TRACE] [REI] [REICommonPlugin START] Reloading Section: "post-stage/ServerDisplayRegistryImpl/" done in 22.14 μs
[22:09:39] [Server thread/TRACE] [REI] [REICommonPlugin START] Reloading Section: "post-stage/FluidSupportProviderImpl/"
[22:09:39] [Server thread/TRACE] [REI] [REICommonPlugin START] Reloading Section: "post-stage/FluidSupportProviderImpl/" done in 20.69 μs
[22:09:39] [Server thread/TRACE] [REI] [REICommonPlugin START] Reloading Section: "post-stage/" done in 973.4 μs
[22:09:39] [Server thread/DEBUG] [REI] ========================================
[22:09:39] [Server thread/INFO] [REI] REICommonPlugin finished post-reload for START in 2.210 ms, totaling 60.42 ms.
[22:09:39] [Server thread/DEBUG] [REI] ========================================
[22:09:39] [Server thread/DEBUG] [REI] ========================================
[22:09:39] [Server thread/DEBUG] [REI] REICommonPlugin starting pre-reload for END.
[22:09:39] [Server thread/DEBUG] [REI] Reloadables (8):
[22:09:39] [Server thread/DEBUG] [REI]  - SlotAccessorRegistryImpl
[22:09:39] [Server thread/DEBUG] [REI]  - EntryTypeRegistryImpl
[22:09:39] [Server thread/DEBUG] [REI]  - EntrySettingsAdapterRegistryImpl
[22:09:39] [Server thread/DEBUG] [REI]  - ItemComparatorRegistryImpl
[22:09:39] [Server thread/DEBUG] [REI]  - FluidComparatorRegistryImpl
[22:09:39] [Server thread/DEBUG] [REI]  - DisplaySerializerRegistryImpl
[22:09:39] [Server thread/DEBUG] [REI]  - ServerDisplayRegistryImpl
[22:09:39] [Server thread/DEBUG] [REI]  - FluidSupportProviderImpl
[22:09:39] [Server thread/DEBUG] [REI] Plugins (3):
[22:09:39] [Server thread/DEBUG] [REI]  - (-100.00) DefaultPlugin of DefaultPlugin [roughlyenoughitems]
[22:09:39] [Server thread/DEBUG] [REI]  - (0.00) FabricFluidAPISupportPlugin
[22:09:39] [Server thread/DEBUG] [REI]  - (0.00) DefaultRuntimePlugin of DefaultRuntimePlugin [roughlyenoughitems]
[22:09:39] [Server thread/DEBUG] [REI] ========================================
[22:09:39] [Server thread/TRACE] [REI] [REICommonPlugin END] Reloading Section: "pre-register/"
[22:09:39] [Server thread/TRACE] [REI] [REICommonPlugin END] Reloading Section: "pre-register/DefaultPlugin of DefaultPlugin [roughlyenoughitems]/"
[22:09:39] [Server thread/TRACE] [REI] [REICommonPlugin END] Reloading Section: "pre-register/DefaultPlugin of DefaultPlugin [roughlyenoughitems]/" done in 41.69 μs
[22:09:39] [Server thread/TRACE] [REI] [REICommonPlugin END] Reloading Section: "pre-register/FabricFluidAPISupportPlugin/"
[22:09:39] [Server thread/TRACE] [REI] [REICommonPlugin END] Reloading Section: "pre-register/FabricFluidAPISupportPlugin/" done in 61.43 μs
[22:09:39] [Server thread/TRACE] [REI] [REICommonPlugin END] Reloading Section: "pre-register/DefaultRuntimePlugin of DefaultRuntimePlugin [roughlyenoughitems]/"
[22:09:39] [Server thread/TRACE] [REI] [REICommonPlugin END] Reloading Section: "pre-register/DefaultRuntimePlugin of DefaultRuntimePlugin [roughlyenoughitems]/" done in 80.58 μs
[22:09:39] [Server thread/TRACE] [REI] [REICommonPlugin END] Reloading Section: "pre-register/" done in 622.5 μs
[22:09:39] [Server thread/TRACE] [REI] [REICommonPlugin END] Reloading Section: "pre-stage/"
[22:09:39] [Server thread/TRACE] [REI] [REICommonPlugin END] Reloading Section: "pre-stage/SlotAccessorRegistryImpl/"
[22:09:39] [Server thread/TRACE] [REI] [REICommonPlugin END] Reloading Section: "pre-stage/SlotAccessorRegistryImpl/" done in 35.86 μs
[22:09:39] [Server thread/TRACE] [REI] [REICommonPlugin END] Reloading Section: "pre-stage/EntryTypeRegistryImpl/"
[22:09:39] [Server thread/TRACE] [REI] [REICommonPlugin END] Reloading Section: "pre-stage/EntryTypeRegistryImpl/" done in 20.79 μs
[22:09:39] [Server thread/TRACE] [REI] [REICommonPlugin END] Reloading Section: "pre-stage/EntrySettingsAdapterRegistryImpl/"
[22:09:39] [Server thread/TRACE] [REI] [REICommonPlugin END] Reloading Section: "pre-stage/EntrySettingsAdapterRegistryImpl/" done in 29.86 μs
[22:09:39] [Server thread/TRACE] [REI] [REICommonPlugin END] Reloading Section: "pre-stage/ItemComparatorRegistryImpl/"
[22:09:39] [Server thread/TRACE] [REI] [REICommonPlugin END] Reloading Section: "pre-stage/ItemComparatorRegistryImpl/" done in 37.74 μs
[22:09:39] [Server thread/TRACE] [REI] [REICommonPlugin END] Reloading Section: "pre-stage/FluidComparatorRegistryImpl/"
[22:09:39] [Server thread/TRACE] [REI] [REICommonPlugin END] Reloading Section: "pre-stage/FluidComparatorRegistryImpl/" done in 32.74 μs
[22:09:39] [Server thread/TRACE] [REI] [REICommonPlugin END] Reloading Section: "pre-stage/DisplaySerializerRegistryImpl/"
[22:09:39] [Server thread/TRACE] [REI] [REICommonPlugin END] Reloading Section: "pre-stage/DisplaySerializerRegistryImpl/" done in 30.45 μs
[22:09:39] [Server thread/TRACE] [REI] [REICommonPlugin END] Reloading Section: "pre-stage/ServerDisplayRegistryImpl/"
[22:09:39] [Server thread/TRACE] [REI] [REICommonPlugin END] Reloading Section: "pre-stage/ServerDisplayRegistryImpl/" done in 44.76 μs
[22:09:39] [Server thread/TRACE] [REI] [REICommonPlugin END] Reloading Section: "pre-stage/FluidSupportProviderImpl/"
[22:09:39] [Server thread/TRACE] [REI] [REICommonPlugin END] Reloading Section: "pre-stage/FluidSupportProviderImpl/" done in 39.92 μs
[22:09:39] [Server thread/TRACE] [REI] [REICommonPlugin END] Reloading Section: "pre-stage/" done in 924.8 μs
[22:09:39] [Server thread/DEBUG] [REI] ========================================
[22:09:39] [Server thread/DEBUG] [REI] REICommonPlugin finished pre-reload for END in 1.674 ms.
[22:09:39] [Server thread/DEBUG] [REI] ========================================
[22:09:39] [Server thread/INFO] [REI] ----------------------------------------
[22:09:39] [Server thread/INFO] [REI] REICommonPlugin starting main-reload for END.
[22:09:39] [Server thread/DEBUG] [REI] Reloadables (8):
[22:09:39] [Server thread/DEBUG] [REI]  - SlotAccessorRegistryImpl
[22:09:39] [Server thread/DEBUG] [REI]  - EntryTypeRegistryImpl
[22:09:39] [Server thread/DEBUG] [REI]  - EntrySettingsAdapterRegistryImpl
[22:09:39] [Server thread/DEBUG] [REI]  - ItemComparatorRegistryImpl
[22:09:39] [Server thread/DEBUG] [REI]  - FluidComparatorRegistryImpl
[22:09:39] [Server thread/DEBUG] [REI]  - DisplaySerializerRegistryImpl
[22:09:39] [Server thread/DEBUG] [REI]  - ServerDisplayRegistryImpl
[22:09:39] [Server thread/DEBUG] [REI]  - FluidSupportProviderImpl
[22:09:39] [Server thread/INFO] [REI] Plugins (3):
[22:09:39] [Server thread/INFO] [REI]  - (-100.00) DefaultPlugin of DefaultPlugin [roughlyenoughitems]
[22:09:39] [Server thread/INFO] [REI]  - (0.00) FabricFluidAPISupportPlugin
[22:09:39] [Server thread/INFO] [REI]  - (0.00) DefaultRuntimePlugin of DefaultRuntimePlugin [roughlyenoughitems]
[22:09:39] [Server thread/INFO] [REI] ----------------------------------------
[22:09:39] [Server thread/TRACE] [REI] [REICommonPlugin END] Reloading Section: "start-reload/"
[22:09:39] [Server thread/TRACE] [REI] [REICommonPlugin END] Reloading Section: "start-reload/SlotAccessorRegistryImpl/"
[22:09:39] [Server thread/TRACE] [REI] [REICommonPlugin END] Reloading Section: "start-reload/SlotAccessorRegistryImpl/" done in 42.70 μs
[22:09:39] [Server thread/TRACE] [REI] [REICommonPlugin END] Reloading Section: "start-reload/EntryTypeRegistryImpl/"
[22:09:39] [Server thread/TRACE] [REI] [REICommonPlugin END] Reloading Section: "start-reload/EntryTypeRegistryImpl/" done in 33.59 μs
[22:09:39] [Server thread/TRACE] [REI] [REICommonPlugin END] Reloading Section: "start-reload/EntrySettingsAdapterRegistryImpl/"
[22:09:39] [Server thread/TRACE] [REI] [REICommonPlugin END] Reloading Section: "start-reload/EntrySettingsAdapterRegistryImpl/" done in 42.71 μs
[22:09:39] [Server thread/TRACE] [REI] [REICommonPlugin END] Reloading Section: "start-reload/ItemComparatorRegistryImpl/"
[22:09:39] [Server thread/TRACE] [REI] [REICommonPlugin END] Reloading Section: "start-reload/ItemComparatorRegistryImpl/" done in 29.54 μs
[22:09:39] [Server thread/TRACE] [REI] [REICommonPlugin END] Reloading Section: "start-reload/FluidComparatorRegistryImpl/"
[22:09:39] [Server thread/TRACE] [REI] [REICommonPlugin END] Reloading Section: "start-reload/FluidComparatorRegistryImpl/" done in 31.26 μs
[22:09:39] [Server thread/TRACE] [REI] [REICommonPlugin END] Reloading Section: "start-reload/DisplaySerializerRegistryImpl/"
[22:09:39] [Server thread/TRACE] [REI] [REICommonPlugin END] Reloading Section: "start-reload/DisplaySerializerRegistryImpl/" done in 38.17 μs
[22:09:39] [Server thread/TRACE] [REI] [REICommonPlugin END] Reloading Section: "start-reload/ServerDisplayRegistryImpl/"
[22:09:39] [Server thread/TRACE] [REI] [REICommonPlugin END] Reloading Section: "start-reload/ServerDisplayRegistryImpl/" done in 83.63 μs
[22:09:39] [Server thread/TRACE] [REI] [REICommonPlugin END] Reloading Section: "start-reload/FluidSupportProviderImpl/"
[22:09:39] [Server thread/TRACE] [REI] [REICommonPlugin END] Reloading Section: "start-reload/FluidSupportProviderImpl/" done in 59.00 μs
[22:09:39] [Server thread/TRACE] [REI] [REICommonPlugin END] Reloading Section: "start-reload/" done in 1.106 ms
[22:09:39] [Server thread/DEBUG] [REI] ========================================
[22:09:39] [Server thread/DEBUG] [REI] REICommonPlugin started main-reload for END.
[22:09:39] [Server thread/DEBUG] [REI] ========================================
[22:09:39] [Server thread/TRACE] [REI] [REICommonPlugin END] Reloading Section: "reloadable-plugin/SlotAccessorRegistryImpl/"
[22:09:39] [Server thread/TRACE] [REI] [REICommonPlugin END] Reloading Section: "reloadable-plugin/SlotAccessorRegistryImpl/DefaultPlugin of DefaultPlugin [roughlyenoughitems]/"
[22:09:39] [Server thread/TRACE] [REI] [REICommonPlugin END] Reloading Section: "reloadable-plugin/SlotAccessorRegistryImpl/DefaultPlugin of DefaultPlugin [roughlyenoughitems]/" done in 96.45 μs
[22:09:39] [Server thread/TRACE] [REI] [REICommonPlugin END] Reloading Section: "reloadable-plugin/SlotAccessorRegistryImpl/FabricFluidAPISupportPlugin/"
[22:09:39] [Server thread/TRACE] [REI] [REICommonPlugin END] Reloading Section: "reloadable-plugin/SlotAccessorRegistryImpl/FabricFluidAPISupportPlugin/" done in 43.68 μs
[22:09:39] [Server thread/TRACE] [REI] [REICommonPlugin END] Reloading Section: "reloadable-plugin/SlotAccessorRegistryImpl/DefaultRuntimePlugin of DefaultRuntimePlugin [roughlyenoughitems]/"
[22:09:39] [Server thread/DEBUG] [REI] Added slot accessor serializer: me.shedaniel.rei.plugin.common.runtime.DefaultRuntimePlugin$1@54bde1af [roughlyenoughitems:vanilla]
[22:09:39] [Server thread/DEBUG] [REI] Added slot accessor serializer: me.shedaniel.rei.plugin.common.runtime.DefaultRuntimePlugin$2@38bd1138 [roughlyenoughitems:player]
[22:09:39] [Server thread/TRACE] [REI] [REICommonPlugin END] Reloading Section: "reloadable-plugin/SlotAccessorRegistryImpl/DefaultRuntimePlugin of DefaultRuntimePlugin [roughlyenoughitems]/" done in 1.705 ms
[22:09:39] [Server thread/TRACE] [REI] [REICommonPlugin END] Reloading Section: "reloadable-plugin/SlotAccessorRegistryImpl/" done in 2.159 ms
[22:09:39] [Server thread/TRACE] [REI] [REICommonPlugin END] Reloading Section: "reloadable-plugin/EntryTypeRegistryImpl/"
[22:09:39] [Server thread/TRACE] [REI] [REICommonPlugin END] Reloading Section: "reloadable-plugin/EntryTypeRegistryImpl/DefaultPlugin of DefaultPlugin [roughlyenoughitems]/"
[22:09:39] [Server thread/TRACE] [REI] [REICommonPlugin END] Reloading Section: "reloadable-plugin/EntryTypeRegistryImpl/DefaultPlugin of DefaultPlugin [roughlyenoughitems]/" done in 29.51 μs
[22:09:39] [Server thread/TRACE] [REI] [REICommonPlugin END] Reloading Section: "reloadable-plugin/EntryTypeRegistryImpl/FabricFluidAPISupportPlugin/"
[22:09:39] [Server thread/TRACE] [REI] [REICommonPlugin END] Reloading Section: "reloadable-plugin/EntryTypeRegistryImpl/FabricFluidAPISupportPlugin/" done in 38.03 μs
[22:09:39] [Server thread/TRACE] [REI] [REICommonPlugin END] Reloading Section: "reloadable-plugin/EntryTypeRegistryImpl/DefaultRuntimePlugin of DefaultRuntimePlugin [roughlyenoughitems]/"
[22:09:39] [Server thread/TRACE] [REI] [REICommonPlugin END] Reloading Section: "reloadable-plugin/EntryTypeRegistryImpl/DefaultRuntimePlugin of DefaultRuntimePlugin [roughlyenoughitems]/" done in 41.11 μs
[22:09:39] [Server thread/TRACE] [REI] [REICommonPlugin END] Reloading Section: "reloadable-plugin/EntryTypeRegistryImpl/" done in 365.9 μs
[22:09:39] [Server thread/TRACE] [REI] [REICommonPlugin END] Reloading Section: "reloadable-plugin/EntrySettingsAdapterRegistryImpl/"
[22:09:39] [Server thread/TRACE] [REI] [REICommonPlugin END] Reloading Section: "reloadable-plugin/EntrySettingsAdapterRegistryImpl/DefaultPlugin of DefaultPlugin [roughlyenoughitems]/"
[22:09:39] [Server thread/TRACE] [REI] [REICommonPlugin END] Reloading Section: "reloadable-plugin/EntrySettingsAdapterRegistryImpl/DefaultPlugin of DefaultPlugin [roughlyenoughitems]/" done in 67.98 μs
[22:09:39] [Server thread/TRACE] [REI] [REICommonPlugin END] Reloading Section: "reloadable-plugin/EntrySettingsAdapterRegistryImpl/FabricFluidAPISupportPlugin/"
[22:09:39] [Server thread/TRACE] [REI] [REICommonPlugin END] Reloading Section: "reloadable-plugin/EntrySettingsAdapterRegistryImpl/FabricFluidAPISupportPlugin/" done in 44.58 μs
[22:09:39] [Server thread/TRACE] [REI] [REICommonPlugin END] Reloading Section: "reloadable-plugin/EntrySettingsAdapterRegistryImpl/DefaultRuntimePlugin of DefaultRuntimePlugin [roughlyenoughitems]/"
[22:09:39] [Server thread/TRACE] [REI] [REICommonPlugin END] Reloading Section: "reloadable-plugin/EntrySettingsAdapterRegistryImpl/DefaultRuntimePlugin of DefaultRuntimePlugin [roughlyenoughitems]/" done in 81.24 μs
[22:09:39] [Server thread/TRACE] [REI] [REICommonPlugin END] Reloading Section: "reloadable-plugin/EntrySettingsAdapterRegistryImpl/" done in 556.7 μs
[22:09:39] [Server thread/TRACE] [REI] [REICommonPlugin END] Reloading Section: "reloadable-plugin/ItemComparatorRegistryImpl/"
[22:09:39] [Server thread/TRACE] [REI] [REICommonPlugin END] Reloading Section: "reloadable-plugin/ItemComparatorRegistryImpl/DefaultPlugin of DefaultPlugin [roughlyenoughitems]/"
[22:09:39] [Server thread/TRACE] [REI] [REICommonPlugin END] Reloading Section: "reloadable-plugin/ItemComparatorRegistryImpl/DefaultPlugin of DefaultPlugin [roughlyenoughitems]/" done in 42.26 μs
[22:09:39] [Server thread/TRACE] [REI] [REICommonPlugin END] Reloading Section: "reloadable-plugin/ItemComparatorRegistryImpl/FabricFluidAPISupportPlugin/"
[22:09:39] [Server thread/TRACE] [REI] [REICommonPlugin END] Reloading Section: "reloadable-plugin/ItemComparatorRegistryImpl/FabricFluidAPISupportPlugin/" done in 34.81 μs
[22:09:39] [Server thread/TRACE] [REI] [REICommonPlugin END] Reloading Section: "reloadable-plugin/ItemComparatorRegistryImpl/DefaultRuntimePlugin of DefaultRuntimePlugin [roughlyenoughitems]/"
[22:09:39] [Server thread/TRACE] [REI] [REICommonPlugin END] Reloading Section: "reloadable-plugin/ItemComparatorRegistryImpl/DefaultRuntimePlugin of DefaultRuntimePlugin [roughlyenoughitems]/" done in 40.95 μs
[22:09:39] [Server thread/TRACE] [REI] [REICommonPlugin END] Reloading Section: "reloadable-plugin/ItemComparatorRegistryImpl/" done in 403.5 μs
[22:09:39] [Server thread/TRACE] [REI] [REICommonPlugin END] Reloading Section: "reloadable-plugin/FluidComparatorRegistryImpl/"
[22:09:39] [Server thread/TRACE] [REI] [REICommonPlugin END] Reloading Section: "reloadable-plugin/FluidComparatorRegistryImpl/DefaultPlugin of DefaultPlugin [roughlyenoughitems]/"
[22:09:39] [Server thread/TRACE] [REI] [REICommonPlugin END] Reloading Section: "reloadable-plugin/FluidComparatorRegistryImpl/DefaultPlugin of DefaultPlugin [roughlyenoughitems]/" done in 42.21 μs
[22:09:39] [Server thread/TRACE] [REI] [REICommonPlugin END] Reloading Section: "reloadable-plugin/FluidComparatorRegistryImpl/FabricFluidAPISupportPlugin/"
[22:09:39] [Server thread/TRACE] [REI] [REICommonPlugin END] Reloading Section: "reloadable-plugin/FluidComparatorRegistryImpl/FabricFluidAPISupportPlugin/" done in 43.14 μs
[22:09:39] [Server thread/TRACE] [REI] [REICommonPlugin END] Reloading Section: "reloadable-plugin/FluidComparatorRegistryImpl/DefaultRuntimePlugin of DefaultRuntimePlugin [roughlyenoughitems]/"
[22:09:39] [Server thread/TRACE] [REI] [REICommonPlugin END] Reloading Section: "reloadable-plugin/FluidComparatorRegistryImpl/DefaultRuntimePlugin of DefaultRuntimePlugin [roughlyenoughitems]/" done in 42.31 μs
[22:09:39] [Server thread/TRACE] [REI] [REICommonPlugin END] Reloading Section: "reloadable-plugin/FluidComparatorRegistryImpl/" done in 462.2 μs
[22:09:39] [Server thread/TRACE] [REI] [REICommonPlugin END] Reloading Section: "reloadable-plugin/DisplaySerializerRegistryImpl/"
[22:09:39] [Server thread/TRACE] [REI] [REICommonPlugin END] Reloading Section: "reloadable-plugin/DisplaySerializerRegistryImpl/DefaultPlugin of DefaultPlugin [roughlyenoughitems]/"
[22:09:39] [Server thread/TRACE] [REI] [REICommonPlugin END] Reloading Section: "reloadable-plugin/DisplaySerializerRegistryImpl/DefaultPlugin of DefaultPlugin [roughlyenoughitems]/" done in 33.66 μs
[22:09:39] [Server thread/TRACE] [REI] [REICommonPlugin END] Reloading Section: "reloadable-plugin/DisplaySerializerRegistryImpl/FabricFluidAPISupportPlugin/"
[22:09:39] [Server thread/TRACE] [REI] [REICommonPlugin END] Reloading Section: "reloadable-plugin/DisplaySerializerRegistryImpl/FabricFluidAPISupportPlugin/" done in 41.58 μs
[22:09:39] [Server thread/TRACE] [REI] [REICommonPlugin END] Reloading Section: "reloadable-plugin/DisplaySerializerRegistryImpl/DefaultRuntimePlugin of DefaultRuntimePlugin [roughlyenoughitems]/"
[22:09:39] [Server thread/TRACE] [REI] [REICommonPlugin END] Reloading Section: "reloadable-plugin/DisplaySerializerRegistryImpl/DefaultRuntimePlugin of DefaultRuntimePlugin [roughlyenoughitems]/" done in 30.59 μs
[22:09:39] [Server thread/TRACE] [REI] [REICommonPlugin END] Reloading Section: "reloadable-plugin/DisplaySerializerRegistryImpl/" done in 381.8 μs
[22:09:39] [Server thread/TRACE] [REI] [REICommonPlugin END] Reloading Section: "reloadable-plugin/ServerDisplayRegistryImpl/"
[22:09:39] [Server thread/TRACE] [REI] [REICommonPlugin END] Reloading Section: "reloadable-plugin/ServerDisplayRegistryImpl/DefaultPlugin of DefaultPlugin [roughlyenoughitems]/"
[22:09:39] [Server thread/DEBUG] [REI] Added display filter: me.shedaniel.rei.api.common.registry.display.DisplayConsumer$RecipeManagerConsumer$RecipeFillerBuilder$$Lambda/0x00007049bd395828@646117eb
[22:09:39] [Server thread/DEBUG] [REI] Added display filter: me.shedaniel.rei.api.common.registry.display.DisplayConsumer$RecipeManagerConsumer$RecipeFillerBuilder$$Lambda/0x00007049bd395828@63bb0517
[22:09:39] [Server thread/DEBUG] [REI] Added display filter: me.shedaniel.rei.api.common.registry.display.DisplayConsumer$RecipeManagerConsumer$RecipeFillerBuilder$$Lambda/0x00007049bd395828@77f3f44c
[22:09:39] [Server thread/DEBUG] [REI] Added display filter: me.shedaniel.rei.api.common.registry.display.DisplayConsumer$RecipeManagerConsumer$RecipeFillerBuilder$$Lambda/0x00007049bd395828@437ecf7c
[22:09:39] [Server thread/DEBUG] [REI] Added display filter: me.shedaniel.rei.api.common.registry.display.DisplayConsumer$RecipeManagerConsumer$RecipeFillerBuilder$$Lambda/0x00007049bd395828@3b229b5e
[22:09:39] [Server thread/DEBUG] [REI] Added display filter: me.shedaniel.rei.api.common.registry.display.DisplayConsumer$RecipeManagerConsumer$RecipeFillerBuilder$$Lambda/0x00007049bd395828@417d0632
[22:09:39] [Server thread/DEBUG] [REI] Added display filter: me.shedaniel.rei.api.common.registry.display.DisplayConsumer$RecipeManagerConsumer$RecipeFillerBuilder$$Lambda/0x00007049bd395828@671fc4a8
[22:09:39] [Server thread/DEBUG] [REI] Added display filter: me.shedaniel.rei.api.common.registry.display.DisplayConsumer$RecipeManagerConsumer$RecipeFillerBuilder$$Lambda/0x00007049bd397010@40a858ae
[22:09:39] [Server thread/DEBUG] [REI] Added display filter: me.shedaniel.rei.api.common.registry.display.DisplayConsumer$RecipeManagerConsumer$RecipeFillerBuilder$$Lambda/0x00007049bd397010@794b6282
[22:09:39] [Server thread/DEBUG] [REI] Added display filter: me.shedaniel.rei.api.common.registry.display.DisplayConsumer$RecipeManagerConsumer$RecipeFillerBuilder$$Lambda/0x00007049bd397010@47652840
[22:09:39] [Server thread/DEBUG] [REI] Added display filter: me.shedaniel.rei.api.common.registry.display.DisplayConsumer$RecipeManagerConsumer$RecipeFillerBuilder$$Lambda/0x00007049bd397010@4185237a
[22:09:39] [Server thread/DEBUG] [REI] Added display filter: me.shedaniel.rei.api.common.registry.display.DisplayConsumer$RecipeManagerConsumer$RecipeFillerBuilder$$Lambda/0x00007049bd397010@436a7ecc
[22:09:39] [Server thread/DEBUG] [REI] Added display filter: me.shedaniel.rei.api.common.registry.display.DisplayConsumer$RecipeManagerConsumer$RecipeFillerBuilder$$Lambda/0x00007049bd397010@61175b51
[22:09:39] [Server thread/DEBUG] [REI] Added display filter: me.shedaniel.rei.api.common.registry.display.DisplayConsumer$RecipeManagerConsumer$RecipeFillerBuilder$$Lambda/0x00007049bd397010@f5e581b
[22:09:39] [Server thread/DEBUG] [REI] Added display filter: me.shedaniel.rei.api.common.registry.display.DisplayConsumer$RecipeManagerConsumer$RecipeFillerBuilder$$Lambda/0x00007049bd397010@67283479
[22:09:39] [Server thread/DEBUG] [REI] Added display filter: me.shedaniel.rei.api.common.registry.display.DisplayConsumer$RecipeManagerConsumer$RecipeFillerBuilder$$Lambda/0x00007049bd397010@77a4aa4e
[22:09:39] [Server thread/TRACE] [REI] [REICommonPlugin END] Reloading Section: "reloadable-plugin/ServerDisplayRegistryImpl/DefaultPlugin of DefaultPlugin [roughlyenoughitems]/" done in 3.412 ms
[22:09:39] [Server thread/TRACE] [REI] [REICommonPlugin END] Reloading Section: "reloadable-plugin/ServerDisplayRegistryImpl/FabricFluidAPISupportPlugin/"
[22:09:39] [Server thread/TRACE] [REI] [REICommonPlugin END] Reloading Section: "reloadable-plugin/ServerDisplayRegistryImpl/FabricFluidAPISupportPlugin/" done in 37.38 μs
[22:09:39] [Server thread/TRACE] [REI] [REICommonPlugin END] Reloading Section: "reloadable-plugin/ServerDisplayRegistryImpl/DefaultRuntimePlugin of DefaultRuntimePlugin [roughlyenoughitems]/"
[22:09:39] [Server thread/TRACE] [REI] [REICommonPlugin END] Reloading Section: "reloadable-plugin/ServerDisplayRegistryImpl/DefaultRuntimePlugin of DefaultRuntimePlugin [roughlyenoughitems]/" done in 46.00 μs
[22:09:39] [Server thread/TRACE] [REI] [REICommonPlugin END] Reloading Section: "reloadable-plugin/ServerDisplayRegistryImpl/" done in 3.818 ms
[22:09:39] [Server thread/TRACE] [REI] [REICommonPlugin END] Reloading Section: "reloadable-plugin/FluidSupportProviderImpl/"
[22:09:39] [Server thread/TRACE] [REI] [REICommonPlugin END] Reloading Section: "reloadable-plugin/FluidSupportProviderImpl/DefaultPlugin of DefaultPlugin [roughlyenoughitems]/"
[22:09:39] [Server thread/TRACE] [REI] [REICommonPlugin END] Reloading Section: "reloadable-plugin/FluidSupportProviderImpl/DefaultPlugin of DefaultPlugin [roughlyenoughitems]/" done in 40.97 μs
[22:09:39] [Server thread/TRACE] [REI] [REICommonPlugin END] Reloading Section: "reloadable-plugin/FluidSupportProviderImpl/FabricFluidAPISupportPlugin/"
[22:09:39] [Server thread/TRACE] [REI] [REICommonPlugin END] Reloading Section: "reloadable-plugin/FluidSupportProviderImpl/FabricFluidAPISupportPlugin/" done in 49.49 μs
[22:09:39] [Server thread/TRACE] [REI] [REICommonPlugin END] Reloading Section: "reloadable-plugin/FluidSupportProviderImpl/DefaultRuntimePlugin of DefaultRuntimePlugin [roughlyenoughitems]/"
[22:09:39] [Server thread/TRACE] [REI] [REICommonPlugin END] Reloading Section: "reloadable-plugin/FluidSupportProviderImpl/DefaultRuntimePlugin of DefaultRuntimePlugin [roughlyenoughitems]/" done in 46.44 μs
[22:09:39] [Server thread/TRACE] [REI] [REICommonPlugin END] Reloading Section: "reloadable-plugin/FluidSupportProviderImpl/" done in 462.0 μs
[22:09:39] [Server thread/DEBUG] [REI] ========================================
[22:09:39] [Server thread/DEBUG] [REI] REICommonPlugin ending main-reload for END.
[22:09:39] [Server thread/DEBUG] [REI] ========================================
[22:09:39] [Server thread/TRACE] [REI] [REICommonPlugin END] Reloading Section: "end-reload/"
[22:09:39] [Server thread/TRACE] [REI] [REICommonPlugin END] Reloading Section: "end-reload/SlotAccessorRegistryImpl/"
[22:09:39] [Server thread/DEBUG] [REI] Registered 2 slot accessor serializers
[22:09:39] [Server thread/TRACE] [REI] [REICommonPlugin END] Reloading Section: "end-reload/SlotAccessorRegistryImpl/" done in 83.83 μs
[22:09:39] [Server thread/TRACE] [REI] [REICommonPlugin END] Reloading Section: "end-reload/EntryTypeRegistryImpl/"
[22:09:39] [Server thread/TRACE] [REI] [REICommonPlugin END] Reloading Section: "end-reload/EntryTypeRegistryImpl/" done in 28.73 μs
[22:09:39] [Server thread/TRACE] [REI] [REICommonPlugin END] Reloading Section: "end-reload/EntrySettingsAdapterRegistryImpl/"
[22:09:39] [Server thread/TRACE] [REI] [REICommonPlugin END] Reloading Section: "end-reload/EntrySettingsAdapterRegistryImpl/" done in 22.98 μs
[22:09:39] [Server thread/TRACE] [REI] [REICommonPlugin END] Reloading Section: "end-reload/ItemComparatorRegistryImpl/"
[22:09:39] [Server thread/TRACE] [REI] [REICommonPlugin END] Reloading Section: "end-reload/ItemComparatorRegistryImpl/" done in 26.64 μs
[22:09:39] [Server thread/TRACE] [REI] [REICommonPlugin END] Reloading Section: "end-reload/FluidComparatorRegistryImpl/"
[22:09:39] [Server thread/TRACE] [REI] [REICommonPlugin END] Reloading Section: "end-reload/FluidComparatorRegistryImpl/" done in 21.00 μs
[22:09:39] [Server thread/TRACE] [REI] [REICommonPlugin END] Reloading Section: "end-reload/DisplaySerializerRegistryImpl/"
[22:09:39] [Server thread/TRACE] [REI] [REICommonPlugin END] Reloading Section: "end-reload/DisplaySerializerRegistryImpl/" done in 20.60 μs
[22:09:39] [Server thread/TRACE] [REI] [REICommonPlugin END] Reloading Section: "end-reload/ServerDisplayRegistryImpl/"
[22:09:39] [Server thread/DEBUG] [REI] Found preliminary 0 displays
[22:09:40] [Server thread/DEBUG] [REI] Filled 2955 displays from recipe manager in 68.55 ms
[22:09:40] [Server thread/TRACE] [REI] [REICommonPlugin END] Reloading Section: "end-reload/ServerDisplayRegistryImpl/" done in 68.84 ms
[22:09:40] [Server thread/TRACE] [REI] [REICommonPlugin END] Reloading Section: "end-reload/FluidSupportProviderImpl/"
[22:09:40] [Server thread/TRACE] [REI] [REICommonPlugin END] Reloading Section: "end-reload/FluidSupportProviderImpl/" done in 54.60 μs
[22:09:40] [Server thread/TRACE] [REI] [REICommonPlugin END] Reloading Section: "end-reload/" done in 69.73 ms
[22:09:40] [Server thread/DEBUG] [REI] ========================================
[22:09:40] [Server thread/DEBUG] [REI] REICommonPlugin ended main-reload for END in 82.11 ms.
[22:09:40] [Server thread/DEBUG] [REI] ========================================
[22:09:40] [Server thread/DEBUG] [REI] ========================================
[22:09:40] [Server thread/DEBUG] [REI] REICommonPlugin starting post-reload for END.
[22:09:40] [Server thread/DEBUG] [REI] Reloadables (8):
[22:09:40] [Server thread/DEBUG] [REI]  - SlotAccessorRegistryImpl
[22:09:40] [Server thread/DEBUG] [REI]  - EntryTypeRegistryImpl
[22:09:40] [Server thread/DEBUG] [REI]  - EntrySettingsAdapterRegistryImpl
[22:09:40] [Server thread/DEBUG] [REI]  - ItemComparatorRegistryImpl
[22:09:40] [Server thread/DEBUG] [REI]  - FluidComparatorRegistryImpl
[22:09:40] [Server thread/DEBUG] [REI]  - DisplaySerializerRegistryImpl
[22:09:40] [Server thread/DEBUG] [REI]  - ServerDisplayRegistryImpl
[22:09:40] [Server thread/DEBUG] [REI]  - FluidSupportProviderImpl
[22:09:40] [Server thread/DEBUG] [REI] Plugins (3):
[22:09:40] [Server thread/DEBUG] [REI]  - (-100.00) DefaultPlugin of DefaultPlugin [roughlyenoughitems]
[22:09:40] [Server thread/DEBUG] [REI]  - (0.00) FabricFluidAPISupportPlugin
[22:09:40] [Server thread/DEBUG] [REI]  - (0.00) DefaultRuntimePlugin of DefaultRuntimePlugin [roughlyenoughitems]
[22:09:40] [Server thread/DEBUG] [REI] ========================================
[22:09:40] [Server thread/TRACE] [REI] [REICommonPlugin END] Reloading Section: "post-register/"
[22:09:40] [Server thread/TRACE] [REI] [REICommonPlugin END] Reloading Section: "post-register/DefaultPlugin of DefaultPlugin [roughlyenoughitems]/"
[22:09:40] [Server thread/TRACE] [REI] [REICommonPlugin END] Reloading Section: "post-register/DefaultPlugin of DefaultPlugin [roughlyenoughitems]/" done in 35.87 μs
[22:09:40] [Server thread/TRACE] [REI] [REICommonPlugin END] Reloading Section: "post-register/FabricFluidAPISupportPlugin/"
[22:09:40] [Server thread/TRACE] [REI] [REICommonPlugin END] Reloading Section: "post-register/FabricFluidAPISupportPlugin/" done in 42.92 μs
[22:09:40] [Server thread/TRACE] [REI] [REICommonPlugin END] Reloading Section: "post-register/DefaultRuntimePlugin of DefaultRuntimePlugin [roughlyenoughitems]/"
[22:09:40] [Server thread/TRACE] [REI] [REICommonPlugin END] Reloading Section: "post-register/DefaultRuntimePlugin of DefaultRuntimePlugin [roughlyenoughitems]/" done in 34.13 μs
[22:09:40] [Server thread/TRACE] [REI] [REICommonPlugin END] Reloading Section: "post-register/" done in 466.3 μs
[22:09:40] [Server thread/TRACE] [REI] [REICommonPlugin END] Reloading Section: "post-stage/"
[22:09:40] [Server thread/TRACE] [REI] [REICommonPlugin END] Reloading Section: "post-stage/SlotAccessorRegistryImpl/"
[22:09:40] [Server thread/TRACE] [REI] [REICommonPlugin END] Reloading Section: "post-stage/SlotAccessorRegistryImpl/" done in 19.16 μs
[22:09:40] [Server thread/TRACE] [REI] [REICommonPlugin END] Reloading Section: "post-stage/EntryTypeRegistryImpl/"
[22:09:40] [Server thread/TRACE] [REI] [REICommonPlugin END] Reloading Section: "post-stage/EntryTypeRegistryImpl/" done in 17.10 μs
[22:09:40] [Server thread/TRACE] [REI] [REICommonPlugin END] Reloading Section: "post-stage/EntrySettingsAdapterRegistryImpl/"
[22:09:40] [Server thread/TRACE] [REI] [REICommonPlugin END] Reloading Section: "post-stage/EntrySettingsAdapterRegistryImpl/" done in 31.83 μs
[22:09:40] [Server thread/TRACE] [REI] [REICommonPlugin END] Reloading Section: "post-stage/ItemComparatorRegistryImpl/"
[22:09:40] [Server thread/TRACE] [REI] [REICommonPlugin END] Reloading Section: "post-stage/ItemComparatorRegistryImpl/" done in 29.87 μs
[22:09:40] [Server thread/TRACE] [REI] [REICommonPlugin END] Reloading Section: "post-stage/FluidComparatorRegistryImpl/"
[22:09:40] [Server thread/TRACE] [REI] [REICommonPlugin END] Reloading Section: "post-stage/FluidComparatorRegistryImpl/" done in 26.22 μs
[22:09:40] [Server thread/TRACE] [REI] [REICommonPlugin END] Reloading Section: "post-stage/DisplaySerializerRegistryImpl/"
[22:09:40] [Server thread/TRACE] [REI] [REICommonPlugin END] Reloading Section: "post-stage/DisplaySerializerRegistryImpl/" done in 30.66 μs
[22:09:40] [Server thread/TRACE] [REI] [REICommonPlugin END] Reloading Section: "post-stage/ServerDisplayRegistryImpl/"
[22:09:40] [Server thread/TRACE] [REI] [REICommonPlugin END] Reloading Section: "post-stage/ServerDisplayRegistryImpl/" done in 17.67 μs
[22:09:40] [Server thread/TRACE] [REI] [REICommonPlugin END] Reloading Section: "post-stage/FluidSupportProviderImpl/"
[22:09:40] [Server thread/TRACE] [REI] [REICommonPlugin END] Reloading Section: "post-stage/FluidSupportProviderImpl/" done in 16.38 μs
[22:09:40] [Server thread/TRACE] [REI] [REICommonPlugin END] Reloading Section: "post-stage/" done in 638.5 μs
[22:09:40] [Server thread/DEBUG] [REI] ========================================
[22:09:40] [Server thread/INFO] [REI] REICommonPlugin finished post-reload for END in 1.191 ms, totaling 84.96 ms.
[22:09:40] [Server thread/DEBUG] [REI] ========================================
[22:09:49] [Server thread/DEBUG] [REI] Updating players with new displays version 86B7971B00000001 [from 86B7971B00000000]
[22:11:07] [Server thread/DEBUG] [REI] Player SrLipord has outdated displays version 0 [latest version: 86B7971B00000001]
[22:11:07] [Server thread/DEBUG] [REI] Player SrLipord has outdated displays version 0 [latest version: 86B7971B00000001], sending reset packet request.
[22:14:12] [Server thread/DEBUG] [REI] Player xXTHEONEXx has outdated displays version 0 [latest version: 86B7971B00000001]
[22:14:12] [Server thread/DEBUG] [REI] Player xXTHEONEXx has outdated displays version 0 [latest version: 86B7971B00000001], sending reset packet request.
[22:14:25] [Server thread/DEBUG] [REI] Player Gathooo has outdated displays version 0 [latest version: 86B7971B00000001]
[22:14:25] [Server thread/DEBUG] [REI] Player Gathooo has outdated displays version 0 [latest version: 86B7971B00000001], sending reset packet request.
[22:16:44] [Server thread/DEBUG] [REI] Player Vector has outdated displays version 0 [latest version: 86B7971B00000001]
[22:16:44] [Server thread/DEBUG] [REI] Player Vector has outdated displays version 0 [latest version: 86B7971B00000001], sending reset packet request.
